<?xml version="1.0" encoding="UTF-8"?>
<testsuite xmlns:xsi="http://www.w3.org/2001/XMLSchema-instance" xsi:noNamespaceSchemaLocation="https://maven.apache.org/surefire/maven-surefire-plugin/xsd/surefire-test-report-3.0.xsd" version="3.0" name="com.ticketbooking.BusTicketBookingApplicationTests" time="18.975" tests="1" errors="0" skipped="0" failures="0">
  <properties>
[...]
</properties>
  <testcase name="contextLoads" classname="com.ticketbooking.BusTicketBookingApplicationTests" time="2.277">
    <system-out><![CDATA[09:33:12.616 [main] INFO org.springframework.test.context.support.AnnotationConfigContextLoaderUtils -- Could not detect default configuration classes for test class [com.ticketbooking.BusTicketBookingApplicationTests]: BusTicketBookingApplicationTests does not declare any static, non-private, non-final, nested classes annotated with @Configuration.
09:33:12.764 [main] INFO org.springframework.boot.test.context.SpringBootTestContextBootstrapper -- Found @SpringBootConfiguration com.ticketbooking.BusTicketBookingApplication for test class com.ticketbooking.BusTicketBookingApplicationTests

  .   ____          _            __ _ _
 /\\ / ___'_ __ _ _(_)_ __  __ _ \ \ \ \
( ( )\___ | '_ | '_| | '_ \/ _` | \ \ \ \
 \\/  ___)| |_)| | | | | || (_| |  ) ) ) )
  '  |____| .__|_| |_|_| |_\__, | / / / /
 =========|_|==============|___/=/_/_/_/
 :: Spring Boot ::                (v3.1.1)

2025-08-03T09:33:13.541+07:00  INFO 12796 --- [           main] c.t.BusTicketBookingApplicationTests     : Starting BusTicketBookingApplicationTests using Java 17.0.12 with PID 12796 (started by dienc in C:\Users\dienc\Desktop\ThucTap\BusTicketBooking\BusTicketBooking-Backend)
2025-08-03T09:33:13.543+07:00  INFO 12796 --- [           main] c.t.BusTicketBookingApplicationTests     : The following 1 profile is active: "production"
2025-08-03T09:33:15.616+07:00  INFO 12796 --- [           main] .s.d.r.c.RepositoryConfigurationDelegate : Multiple Spring Data modules found, entering strict repository configuration mode
2025-08-03T09:33:15.620+07:00  INFO 12796 --- [           main] .s.d.r.c.RepositoryConfigurationDelegate : Bootstrapping Spring Data Elasticsearch repositories in DEFAULT mode.
2025-08-03T09:33:15.697+07:00  INFO 12796 --- [           main] .RepositoryConfigurationExtensionSupport : Spring Data Elasticsearch - Could not safely identify store assignment for repository candidate interface com.ticketbooking.repo.BookingCargoRepo; If you want this repository to be a Elasticsearch repository, consider annotating your entities with one of these annotations: org.springframework.data.elasticsearch.annotations.Document (preferred), or consider extending one of the following types with your repository: org.springframework.data.elasticsearch.repository.ElasticsearchRepository, org.springframework.data.elasticsearch.repository.ElasticsearchRepository
2025-08-03T09:33:15.701+07:00  INFO 12796 --- [           main] .RepositoryConfigurationExtensionSupport : Spring Data Elasticsearch - Could not safely identify store assignment for repository candidate interface com.ticketbooking.repo.BookingRepo; If you want this repository to be a Elasticsearch repository, consider annotating your entities with one of these annotations: org.springframework.data.elasticsearch.annotations.Document (preferred), or consider extending one of the following types with your repository: org.springframework.data.elasticsearch.repository.ElasticsearchRepository, org.springframework.data.elasticsearch.repository.ElasticsearchRepository
2025-08-03T09:33:15.706+07:00  INFO 12796 --- [           main] .RepositoryConfigurationExtensionSupport : Spring Data Elasticsearch - Could not safely identify store assignment for repository candidate interface com.ticketbooking.repo.CargoRepo; If you want this repository to be a Elasticsearch repository, consider annotating your entities with one of these annotations: org.springframework.data.elasticsearch.annotations.Document (preferred), or consider extending one of the following types with your repository: org.springframework.data.elasticsearch.repository.ElasticsearchRepository, org.springframework.data.elasticsearch.repository.ElasticsearchRepository
2025-08-03T09:33:15.709+07:00  INFO 12796 --- [           main] .RepositoryConfigurationExtensionSupport : Spring Data Elasticsearch - Could not safely identify store assignment for repository candidate interface com.ticketbooking.repo.CoachRepo; If you want this repository to be a Elasticsearch repository, consider annotating your entities with one of these annotations: org.springframework.data.elasticsearch.annotations.Document (preferred), or consider extending one of the following types with your repository: org.springframework.data.elasticsearch.repository.ElasticsearchRepository, org.springframework.data.elasticsearch.repository.ElasticsearchRepository
2025-08-03T09:33:15.712+07:00  INFO 12796 --- [           main] .RepositoryConfigurationExtensionSupport : Spring Data Elasticsearch - Could not safely identify store assignment for repository candidate interface com.ticketbooking.repo.DiscountRepo; If you want this repository to be a Elasticsearch repository, consider annotating your entities with one of these annotations: org.springframework.data.elasticsearch.annotations.Document (preferred), or consider extending one of the following types with your repository: org.springframework.data.elasticsearch.repository.ElasticsearchRepository, org.springframework.data.elasticsearch.repository.ElasticsearchRepository
2025-08-03T09:33:15.716+07:00  INFO 12796 --- [           main] .RepositoryConfigurationExtensionSupport : Spring Data Elasticsearch - Could not safely identify store assignment for repository candidate interface com.ticketbooking.repo.DriverRepo; If you want this repository to be a Elasticsearch repository, consider annotating your entities with one of these annotations: org.springframework.data.elasticsearch.annotations.Document (preferred), or consider extending one of the following types with your repository: org.springframework.data.elasticsearch.repository.ElasticsearchRepository, org.springframework.data.elasticsearch.repository.ElasticsearchRepository
2025-08-03T09:33:15.718+07:00  INFO 12796 --- [           main] .RepositoryConfigurationExtensionSupport : Spring Data Elasticsearch - Could not safely identify store assignment for repository candidate interface com.ticketbooking.repo.LocationRepo; If you want this repository to be a Elasticsearch repository, consider annotating your entities with one of these annotations: org.springframework.data.elasticsearch.annotations.Document (preferred), or consider extending one of the following types with your repository: org.springframework.data.elasticsearch.repository.ElasticsearchRepository, org.springframework.data.elasticsearch.repository.ElasticsearchRepository
2025-08-03T09:33:15.721+07:00  INFO 12796 --- [           main] .RepositoryConfigurationExtensionSupport : Spring Data Elasticsearch - Could not safely identify store assignment for repository candidate interface com.ticketbooking.repo.LoyaltyTransactionRepo; If you want this repository to be a Elasticsearch repository, consider annotating your entities with one of these annotations: org.springframework.data.elasticsearch.annotations.Document (preferred), or consider extending one of the following types with your repository: org.springframework.data.elasticsearch.repository.ElasticsearchRepository, org.springframework.data.elasticsearch.repository.ElasticsearchRepository
2025-08-03T09:33:15.725+07:00  INFO 12796 --- [           main] .RepositoryConfigurationExtensionSupport : Spring Data Elasticsearch - Could not safely identify store assignment for repository candidate interface com.ticketbooking.repo.NotificationRepo; If you want this repository to be a Elasticsearch repository, consider annotating your entities with one of these annotations: org.springframework.data.elasticsearch.annotations.Document (preferred), or consider extending one of the following types with your repository: org.springframework.data.elasticsearch.repository.ElasticsearchRepository, org.springframework.data.elasticsearch.repository.ElasticsearchRepository
2025-08-03T09:33:15.727+07:00  INFO 12796 --- [           main] .RepositoryConfigurationExtensionSupport : Spring Data Elasticsearch - Could not safely identify store assignment for repository candidate interface com.ticketbooking.repo.PaymentHistoryRepo; If you want this repository to be a Elasticsearch repository, consider annotating your entities with one of these annotations: org.springframework.data.elasticsearch.annotations.Document (preferred), or consider extending one of the following types with your repository: org.springframework.data.elasticsearch.repository.ElasticsearchRepository, org.springframework.data.elasticsearch.repository.ElasticsearchRepository
2025-08-03T09:33:15.731+07:00  INFO 12796 --- [           main] .RepositoryConfigurationExtensionSupport : Spring Data Elasticsearch - Could not safely identify store assignment for repository candidate interface com.ticketbooking.repo.ProvinceRepo; If you want this repository to be a Elasticsearch repository, consider annotating your entities with one of these annotations: org.springframework.data.elasticsearch.annotations.Document (preferred), or consider extending one of the following types with your repository: org.springframework.data.elasticsearch.repository.ElasticsearchRepository, org.springframework.data.elasticsearch.repository.ElasticsearchRepository
2025-08-03T09:33:15.733+07:00  INFO 12796 --- [           main] .RepositoryConfigurationExtensionSupport : Spring Data Elasticsearch - Could not safely identify store assignment for repository candidate interface com.ticketbooking.repo.ReportRepo; If you want this repository to be a Elasticsearch repository, consider annotating your entities with one of these annotations: org.springframework.data.elasticsearch.annotations.Document (preferred), or consider extending one of the following types with your repository: org.springframework.data.elasticsearch.repository.ElasticsearchRepository, org.springframework.data.elasticsearch.repository.ElasticsearchRepository
2025-08-03T09:33:15.736+07:00  INFO 12796 --- [           main] .RepositoryConfigurationExtensionSupport : Spring Data Elasticsearch - Could not safely identify store assignment for repository candidate interface com.ticketbooking.repo.ReviewRepo; If you want this repository to be a Elasticsearch repository, consider annotating your entities with one of these annotations: org.springframework.data.elasticsearch.annotations.Document (preferred), or consider extending one of the following types with your repository: org.springframework.data.elasticsearch.repository.ElasticsearchRepository, org.springframework.data.elasticsearch.repository.ElasticsearchRepository
2025-08-03T09:33:15.743+07:00  INFO 12796 --- [           main] .RepositoryConfigurationExtensionSupport : Spring Data Elasticsearch - Could not safely identify store assignment for repository candidate interface com.ticketbooking.repo.RoleRepo; If you want this repository to be a Elasticsearch repository, consider annotating your entities with one of these annotations: org.springframework.data.elasticsearch.annotations.Document (preferred), or consider extending one of the following types with your repository: org.springframework.data.elasticsearch.repository.ElasticsearchRepository, org.springframework.data.elasticsearch.repository.ElasticsearchRepository
2025-08-03T09:33:15.747+07:00  INFO 12796 --- [           main] .RepositoryConfigurationExtensionSupport : Spring Data Elasticsearch - Could not safely identify store assignment for repository candidate interface com.ticketbooking.repo.TokenRepo; If you want this repository to be a Elasticsearch repository, consider annotating your entities with one of these annotations: org.springframework.data.elasticsearch.annotations.Document (preferred), or consider extending one of the following types with your repository: org.springframework.data.elasticsearch.repository.ElasticsearchRepository, org.springframework.data.elasticsearch.repository.ElasticsearchRepository
2025-08-03T09:33:15.750+07:00  INFO 12796 --- [           main] .RepositoryConfigurationExtensionSupport : Spring Data Elasticsearch - Could not safely identify store assignment for repository candidate interface com.ticketbooking.repo.TripLogRepo; If you want this repository to be a Elasticsearch repository, consider annotating your entities with one of these annotations: org.springframework.data.elasticsearch.annotations.Document (preferred), or consider extending one of the following types with your repository: org.springframework.data.elasticsearch.repository.ElasticsearchRepository, org.springframework.data.elasticsearch.repository.ElasticsearchRepository
2025-08-03T09:33:15.756+07:00  INFO 12796 --- [           main] .RepositoryConfigurationExtensionSupport : Spring Data Elasticsearch - Could not safely identify store assignment for repository candidate interface com.ticketbooking.repo.TripRepo; If you want this repository to be a Elasticsearch repository, consider annotating your entities with one of these annotations: org.springframework.data.elasticsearch.annotations.Document (preferred), or consider extending one of the following types with your repository: org.springframework.data.elasticsearch.repository.ElasticsearchRepository, org.springframework.data.elasticsearch.repository.ElasticsearchRepository
2025-08-03T09:33:15.760+07:00  INFO 12796 --- [           main] .RepositoryConfigurationExtensionSupport : Spring Data Elasticsearch - Could not safely identify store assignment for repository candidate interface com.ticketbooking.repo.UserNotificationRepo; If you want this repository to be a Elasticsearch repository, consider annotating your entities with one of these annotations: org.springframework.data.elasticsearch.annotations.Document (preferred), or consider extending one of the following types with your repository: org.springframework.data.elasticsearch.repository.ElasticsearchRepository, org.springframework.data.elasticsearch.repository.ElasticsearchRepository
2025-08-03T09:33:15.763+07:00  INFO 12796 --- [           main] .RepositoryConfigurationExtensionSupport : Spring Data Elasticsearch - Could not safely identify store assignment for repository candidate interface com.ticketbooking.repo.UserPermissionRepo; If you want this repository to be a Elasticsearch repository, consider annotating your entities with one of these annotations: org.springframework.data.elasticsearch.annotations.Document (preferred), or consider extending one of the following types with your repository: org.springframework.data.elasticsearch.repository.ElasticsearchRepository, org.springframework.data.elasticsearch.repository.ElasticsearchRepository
2025-08-03T09:33:15.766+07:00  INFO 12796 --- [           main] .RepositoryConfigurationExtensionSupport : Spring Data Elasticsearch - Could not safely identify store assignment for repository candidate interface com.ticketbooking.repo.UserRepo; If you want this repository to be a Elasticsearch repository, consider annotating your entities with one of these annotations: org.springframework.data.elasticsearch.annotations.Document (preferred), or consider extending one of the following types with your repository: org.springframework.data.elasticsearch.repository.ElasticsearchRepository, org.springframework.data.elasticsearch.repository.ElasticsearchRepository
2025-08-03T09:33:15.767+07:00  INFO 12796 --- [           main] .s.d.r.c.RepositoryConfigurationDelegate : Finished Spring Data repository scanning in 140 ms. Found 0 Elasticsearch repository interfaces.
2025-08-03T09:33:15.780+07:00  INFO 12796 --- [           main] .s.d.r.c.RepositoryConfigurationDelegate : Multiple Spring Data modules found, entering strict repository configuration mode
2025-08-03T09:33:15.782+07:00  INFO 12796 --- [           main] .s.d.r.c.RepositoryConfigurationDelegate : Bootstrapping Spring Data Reactive Elasticsearch repositories in DEFAULT mode.
2025-08-03T09:33:15.794+07:00  INFO 12796 --- [           main] .RepositoryConfigurationExtensionSupport : Spring Data Reactive Elasticsearch - Could not safely identify store assignment for repository candidate interface com.ticketbooking.repo.BookingCargoRepo; If you want this repository to be a Reactive Elasticsearch repository, consider annotating your entities with one of these annotations: org.springframework.data.elasticsearch.annotations.Document (preferred), or consider extending one of the following types with your repository: org.springframework.data.elasticsearch.repository.ReactiveElasticsearchRepository
2025-08-03T09:33:15.794+07:00  INFO 12796 --- [           main] .RepositoryConfigurationExtensionSupport : Spring Data Reactive Elasticsearch - Could not safely identify store assignment for repository candidate interface com.ticketbooking.repo.BookingRepo; If you want this repository to be a Reactive Elasticsearch repository, consider annotating your entities with one of these annotations: org.springframework.data.elasticsearch.annotations.Document (preferred), or consider extending one of the following types with your repository: org.springframework.data.elasticsearch.repository.ReactiveElasticsearchRepository
2025-08-03T09:33:15.795+07:00  INFO 12796 --- [           main] .RepositoryConfigurationExtensionSupport : Spring Data Reactive Elasticsearch - Could not safely identify store assignment for repository candidate interface com.ticketbooking.repo.CargoRepo; If you want this repository to be a Reactive Elasticsearch repository, consider annotating your entities with one of these annotations: org.springframework.data.elasticsearch.annotations.Document (preferred), or consider extending one of the following types with your repository: org.springframework.data.elasticsearch.repository.ReactiveElasticsearchRepository
2025-08-03T09:33:15.795+07:00  INFO 12796 --- [           main] .RepositoryConfigurationExtensionSupport : Spring Data Reactive Elasticsearch - Could not safely identify store assignment for repository candidate interface com.ticketbooking.repo.CoachRepo; If you want this repository to be a Reactive Elasticsearch repository, consider annotating your entities with one of these annotations: org.springframework.data.elasticsearch.annotations.Document (preferred), or consider extending one of the following types with your repository: org.springframework.data.elasticsearch.repository.ReactiveElasticsearchRepository
2025-08-03T09:33:15.796+07:00  INFO 12796 --- [           main] .RepositoryConfigurationExtensionSupport : Spring Data Reactive Elasticsearch - Could not safely identify store assignment for repository candidate interface com.ticketbooking.repo.DiscountRepo; If you want this repository to be a Reactive Elasticsearch repository, consider annotating your entities with one of these annotations: org.springframework.data.elasticsearch.annotations.Document (preferred), or consider extending one of the following types with your repository: org.springframework.data.elasticsearch.repository.ReactiveElasticsearchRepository
2025-08-03T09:33:15.796+07:00  INFO 12796 --- [           main] .RepositoryConfigurationExtensionSupport : Spring Data Reactive Elasticsearch - Could not safely identify store assignment for repository candidate interface com.ticketbooking.repo.DriverRepo; If you want this repository to be a Reactive Elasticsearch repository, consider annotating your entities with one of these annotations: org.springframework.data.elasticsearch.annotations.Document (preferred), or consider extending one of the following types with your repository: org.springframework.data.elasticsearch.repository.ReactiveElasticsearchRepository
2025-08-03T09:33:15.796+07:00  INFO 12796 --- [           main] .RepositoryConfigurationExtensionSupport : Spring Data Reactive Elasticsearch - Could not safely identify store assignment for repository candidate interface com.ticketbooking.repo.LocationRepo; If you want this repository to be a Reactive Elasticsearch repository, consider annotating your entities with one of these annotations: org.springframework.data.elasticsearch.annotations.Document (preferred), or consider extending one of the following types with your repository: org.springframework.data.elasticsearch.repository.ReactiveElasticsearchRepository
2025-08-03T09:33:15.797+07:00  INFO 12796 --- [           main] .RepositoryConfigurationExtensionSupport : Spring Data Reactive Elasticsearch - Could not safely identify store assignment for repository candidate interface com.ticketbooking.repo.LoyaltyTransactionRepo; If you want this repository to be a Reactive Elasticsearch repository, consider annotating your entities with one of these annotations: org.springframework.data.elasticsearch.annotations.Document (preferred), or consider extending one of the following types with your repository: org.springframework.data.elasticsearch.repository.ReactiveElasticsearchRepository
2025-08-03T09:33:15.797+07:00  INFO 12796 --- [           main] .RepositoryConfigurationExtensionSupport : Spring Data Reactive Elasticsearch - Could not safely identify store assignment for repository candidate interface com.ticketbooking.repo.NotificationRepo; If you want this repository to be a Reactive Elasticsearch repository, consider annotating your entities with one of these annotations: org.springframework.data.elasticsearch.annotations.Document (preferred), or consider extending one of the following types with your repository: org.springframework.data.elasticsearch.repository.ReactiveElasticsearchRepository
2025-08-03T09:33:15.798+07:00  INFO 12796 --- [           main] .RepositoryConfigurationExtensionSupport : Spring Data Reactive Elasticsearch - Could not safely identify store assignment for repository candidate interface com.ticketbooking.repo.PaymentHistoryRepo; If you want this repository to be a Reactive Elasticsearch repository, consider annotating your entities with one of these annotations: org.springframework.data.elasticsearch.annotations.Document (preferred), or consider extending one of the following types with your repository: org.springframework.data.elasticsearch.repository.ReactiveElasticsearchRepository
2025-08-03T09:33:15.799+07:00  INFO 12796 --- [           main] .RepositoryConfigurationExtensionSupport : Spring Data Reactive Elasticsearch - Could not safely identify store assignment for repository candidate interface com.ticketbooking.repo.ProvinceRepo; If you want this repository to be a Reactive Elasticsearch repository, consider annotating your entities with one of these annotations: org.springframework.data.elasticsearch.annotations.Document (preferred), or consider extending one of the following types with your repository: org.springframework.data.elasticsearch.repository.ReactiveElasticsearchRepository
2025-08-03T09:33:15.800+07:00  INFO 12796 --- [           main] .RepositoryConfigurationExtensionSupport : Spring Data Reactive Elasticsearch - Could not safely identify store assignment for repository candidate interface com.ticketbooking.repo.ReportRepo; If you want this repository to be a Reactive Elasticsearch repository, consider annotating your entities with one of these annotations: org.springframework.data.elasticsearch.annotations.Document (preferred), or consider extending one of the following types with your repository: org.springframework.data.elasticsearch.repository.ReactiveElasticsearchRepository
2025-08-03T09:33:15.800+07:00  INFO 12796 --- [           main] .RepositoryConfigurationExtensionSupport : Spring Data Reactive Elasticsearch - Could not safely identify store assignment for repository candidate interface com.ticketbooking.repo.ReviewRepo; If you want this repository to be a Reactive Elasticsearch repository, consider annotating your entities with one of these annotations: org.springframework.data.elasticsearch.annotations.Document (preferred), or consider extending one of the following types with your repository: org.springframework.data.elasticsearch.repository.ReactiveElasticsearchRepository
2025-08-03T09:33:15.801+07:00  INFO 12796 --- [           main] .RepositoryConfigurationExtensionSupport : Spring Data Reactive Elasticsearch - Could not safely identify store assignment for repository candidate interface com.ticketbooking.repo.RoleRepo; If you want this repository to be a Reactive Elasticsearch repository, consider annotating your entities with one of these annotations: org.springframework.data.elasticsearch.annotations.Document (preferred), or consider extending one of the following types with your repository: org.springframework.data.elasticsearch.repository.ReactiveElasticsearchRepository
2025-08-03T09:33:15.801+07:00  INFO 12796 --- [           main] .RepositoryConfigurationExtensionSupport : Spring Data Reactive Elasticsearch - Could not safely identify store assignment for repository candidate interface com.ticketbooking.repo.TokenRepo; If you want this repository to be a Reactive Elasticsearch repository, consider annotating your entities with one of these annotations: org.springframework.data.elasticsearch.annotations.Document (preferred), or consider extending one of the following types with your repository: org.springframework.data.elasticsearch.repository.ReactiveElasticsearchRepository
2025-08-03T09:33:15.801+07:00  INFO 12796 --- [           main] .RepositoryConfigurationExtensionSupport : Spring Data Reactive Elasticsearch - Could not safely identify store assignment for repository candidate interface com.ticketbooking.repo.TripLogRepo; If you want this repository to be a Reactive Elasticsearch repository, consider annotating your entities with one of these annotations: org.springframework.data.elasticsearch.annotations.Document (preferred), or consider extending one of the following types with your repository: org.springframework.data.elasticsearch.repository.ReactiveElasticsearchRepository
2025-08-03T09:33:15.802+07:00  INFO 12796 --- [           main] .RepositoryConfigurationExtensionSupport : Spring Data Reactive Elasticsearch - Could not safely identify store assignment for repository candidate interface com.ticketbooking.repo.TripRepo; If you want this repository to be a Reactive Elasticsearch repository, consider annotating your entities with one of these annotations: org.springframework.data.elasticsearch.annotations.Document (preferred), or consider extending one of the following types with your repository: org.springframework.data.elasticsearch.repository.ReactiveElasticsearchRepository
2025-08-03T09:33:15.802+07:00  INFO 12796 --- [           main] .RepositoryConfigurationExtensionSupport : Spring Data Reactive Elasticsearch - Could not safely identify store assignment for repository candidate interface com.ticketbooking.repo.UserNotificationRepo; If you want this repository to be a Reactive Elasticsearch repository, consider annotating your entities with one of these annotations: org.springframework.data.elasticsearch.annotations.Document (preferred), or consider extending one of the following types with your repository: org.springframework.data.elasticsearch.repository.ReactiveElasticsearchRepository
2025-08-03T09:33:15.803+07:00  INFO 12796 --- [           main] .RepositoryConfigurationExtensionSupport : Spring Data Reactive Elasticsearch - Could not safely identify store assignment for repository candidate interface com.ticketbooking.repo.UserPermissionRepo; If you want this repository to be a Reactive Elasticsearch repository, consider annotating your entities with one of these annotations: org.springframework.data.elasticsearch.annotations.Document (preferred), or consider extending one of the following types with your repository: org.springframework.data.elasticsearch.repository.ReactiveElasticsearchRepository
2025-08-03T09:33:15.803+07:00  INFO 12796 --- [           main] .RepositoryConfigurationExtensionSupport : Spring Data Reactive Elasticsearch - Could not safely identify store assignment for repository candidate interface com.ticketbooking.repo.UserRepo; If you want this repository to be a Reactive Elasticsearch repository, consider annotating your entities with one of these annotations: org.springframework.data.elasticsearch.annotations.Document (preferred), or consider extending one of the following types with your repository: org.springframework.data.elasticsearch.repository.ReactiveElasticsearchRepository
2025-08-03T09:33:15.803+07:00  INFO 12796 --- [           main] .s.d.r.c.RepositoryConfigurationDelegate : Finished Spring Data repository scanning in 21 ms. Found 0 Reactive Elasticsearch repository interfaces.
2025-08-03T09:33:15.820+07:00  INFO 12796 --- [           main] .s.d.r.c.RepositoryConfigurationDelegate : Multiple Spring Data modules found, entering strict repository configuration mode
2025-08-03T09:33:15.821+07:00  INFO 12796 --- [           main] .s.d.r.c.RepositoryConfigurationDelegate : Bootstrapping Spring Data JPA repositories in DEFAULT mode.
2025-08-03T09:33:16.098+07:00  INFO 12796 --- [           main] .s.d.r.c.RepositoryConfigurationDelegate : Finished Spring Data repository scanning in 269 ms. Found 20 JPA repository interfaces.
2025-08-03T09:33:16.137+07:00  INFO 12796 --- [           main] .s.d.r.c.RepositoryConfigurationDelegate : Multiple Spring Data modules found, entering strict repository configuration mode
2025-08-03T09:33:16.141+07:00  INFO 12796 --- [           main] .s.d.r.c.RepositoryConfigurationDelegate : Bootstrapping Spring Data Redis repositories in DEFAULT mode.
2025-08-03T09:33:16.164+07:00  INFO 12796 --- [           main] .RepositoryConfigurationExtensionSupport : Spring Data Redis - Could not safely identify store assignment for repository candidate interface com.ticketbooking.repo.BookingCargoRepo; If you want this repository to be a Redis repository, consider annotating your entities with one of these annotations: org.springframework.data.redis.core.RedisHash (preferred), or consider extending one of the following types with your repository: org.springframework.data.keyvalue.repository.KeyValueRepository
2025-08-03T09:33:16.164+07:00  INFO 12796 --- [           main] .RepositoryConfigurationExtensionSupport : Spring Data Redis - Could not safely identify store assignment for repository candidate interface com.ticketbooking.repo.BookingRepo; If you want this repository to be a Redis repository, consider annotating your entities with one of these annotations: org.springframework.data.redis.core.RedisHash (preferred), or consider extending one of the following types with your repository: org.springframework.data.keyvalue.repository.KeyValueRepository
2025-08-03T09:33:16.165+07:00  INFO 12796 --- [           main] .RepositoryConfigurationExtensionSupport : Spring Data Redis - Could not safely identify store assignment for repository candidate interface com.ticketbooking.repo.CargoRepo; If you want this repository to be a Redis repository, consider annotating your entities with one of these annotations: org.springframework.data.redis.core.RedisHash (preferred), or consider extending one of the following types with your repository: org.springframework.data.keyvalue.repository.KeyValueRepository
2025-08-03T09:33:16.165+07:00  INFO 12796 --- [           main] .RepositoryConfigurationExtensionSupport : Spring Data Redis - Could not safely identify store assignment for repository candidate interface com.ticketbooking.repo.CoachRepo; If you want this repository to be a Redis repository, consider annotating your entities with one of these annotations: org.springframework.data.redis.core.RedisHash (preferred), or consider extending one of the following types with your repository: org.springframework.data.keyvalue.repository.KeyValueRepository
2025-08-03T09:33:16.165+07:00  INFO 12796 --- [           main] .RepositoryConfigurationExtensionSupport : Spring Data Redis - Could not safely identify store assignment for repository candidate interface com.ticketbooking.repo.DiscountRepo; If you want this repository to be a Redis repository, consider annotating your entities with one of these annotations: org.springframework.data.redis.core.RedisHash (preferred), or consider extending one of the following types with your repository: org.springframework.data.keyvalue.repository.KeyValueRepository
2025-08-03T09:33:16.166+07:00  INFO 12796 --- [           main] .RepositoryConfigurationExtensionSupport : Spring Data Redis - Could not safely identify store assignment for repository candidate interface com.ticketbooking.repo.DriverRepo; If you want this repository to be a Redis repository, consider annotating your entities with one of these annotations: org.springframework.data.redis.core.RedisHash (preferred), or consider extending one of the following types with your repository: org.springframework.data.keyvalue.repository.KeyValueRepository
2025-08-03T09:33:16.166+07:00  INFO 12796 --- [           main] .RepositoryConfigurationExtensionSupport : Spring Data Redis - Could not safely identify store assignment for repository candidate interface com.ticketbooking.repo.LocationRepo; If you want this repository to be a Redis repository, consider annotating your entities with one of these annotations: org.springframework.data.redis.core.RedisHash (preferred), or consider extending one of the following types with your repository: org.springframework.data.keyvalue.repository.KeyValueRepository
2025-08-03T09:33:16.166+07:00  INFO 12796 --- [           main] .RepositoryConfigurationExtensionSupport : Spring Data Redis - Could not safely identify store assignment for repository candidate interface com.ticketbooking.repo.LoyaltyTransactionRepo; If you want this repository to be a Redis repository, consider annotating your entities with one of these annotations: org.springframework.data.redis.core.RedisHash (preferred), or consider extending one of the following types with your repository: org.springframework.data.keyvalue.repository.KeyValueRepository
2025-08-03T09:33:16.166+07:00  INFO 12796 --- [           main] .RepositoryConfigurationExtensionSupport : Spring Data Redis - Could not safely identify store assignment for repository candidate interface com.ticketbooking.repo.NotificationRepo; If you want this repository to be a Redis repository, consider annotating your entities with one of these annotations: org.springframework.data.redis.core.RedisHash (preferred), or consider extending one of the following types with your repository: org.springframework.data.keyvalue.repository.KeyValueRepository
2025-08-03T09:33:16.167+07:00  INFO 12796 --- [           main] .RepositoryConfigurationExtensionSupport : Spring Data Redis - Could not safely identify store assignment for repository candidate interface com.ticketbooking.repo.PaymentHistoryRepo; If you want this repository to be a Redis repository, consider annotating your entities with one of these annotations: org.springframework.data.redis.core.RedisHash (preferred), or consider extending one of the following types with your repository: org.springframework.data.keyvalue.repository.KeyValueRepository
2025-08-03T09:33:16.167+07:00  INFO 12796 --- [           main] .RepositoryConfigurationExtensionSupport : Spring Data Redis - Could not safely identify store assignment for repository candidate interface com.ticketbooking.repo.ProvinceRepo; If you want this repository to be a Redis repository, consider annotating your entities with one of these annotations: org.springframework.data.redis.core.RedisHash (preferred), or consider extending one of the following types with your repository: org.springframework.data.keyvalue.repository.KeyValueRepository
2025-08-03T09:33:16.167+07:00  INFO 12796 --- [           main] .RepositoryConfigurationExtensionSupport : Spring Data Redis - Could not safely identify store assignment for repository candidate interface com.ticketbooking.repo.ReportRepo; If you want this repository to be a Redis repository, consider annotating your entities with one of these annotations: org.springframework.data.redis.core.RedisHash (preferred), or consider extending one of the following types with your repository: org.springframework.data.keyvalue.repository.KeyValueRepository
2025-08-03T09:33:16.168+07:00  INFO 12796 --- [           main] .RepositoryConfigurationExtensionSupport : Spring Data Redis - Could not safely identify store assignment for repository candidate interface com.ticketbooking.repo.ReviewRepo; If you want this repository to be a Redis repository, consider annotating your entities with one of these annotations: org.springframework.data.redis.core.RedisHash (preferred), or consider extending one of the following types with your repository: org.springframework.data.keyvalue.repository.KeyValueRepository
2025-08-03T09:33:16.168+07:00  INFO 12796 --- [           main] .RepositoryConfigurationExtensionSupport : Spring Data Redis - Could not safely identify store assignment for repository candidate interface com.ticketbooking.repo.RoleRepo; If you want this repository to be a Redis repository, consider annotating your entities with one of these annotations: org.springframework.data.redis.core.RedisHash (preferred), or consider extending one of the following types with your repository: org.springframework.data.keyvalue.repository.KeyValueRepository
2025-08-03T09:33:16.168+07:00  INFO 12796 --- [           main] .RepositoryConfigurationExtensionSupport : Spring Data Redis - Could not safely identify store assignment for repository candidate interface com.ticketbooking.repo.TokenRepo; If you want this repository to be a Redis repository, consider annotating your entities with one of these annotations: org.springframework.data.redis.core.RedisHash (preferred), or consider extending one of the following types with your repository: org.springframework.data.keyvalue.repository.KeyValueRepository
2025-08-03T09:33:16.169+07:00  INFO 12796 --- [           main] .RepositoryConfigurationExtensionSupport : Spring Data Redis - Could not safely identify store assignment for repository candidate interface com.ticketbooking.repo.TripLogRepo; If you want this repository to be a Redis repository, consider annotating your entities with one of these annotations: org.springframework.data.redis.core.RedisHash (preferred), or consider extending one of the following types with your repository: org.springframework.data.keyvalue.repository.KeyValueRepository
2025-08-03T09:33:16.169+07:00  INFO 12796 --- [           main] .RepositoryConfigurationExtensionSupport : Spring Data Redis - Could not safely identify store assignment for repository candidate interface com.ticketbooking.repo.TripRepo; If you want this repository to be a Redis repository, consider annotating your entities with one of these annotations: org.springframework.data.redis.core.RedisHash (preferred), or consider extending one of the following types with your repository: org.springframework.data.keyvalue.repository.KeyValueRepository
2025-08-03T09:33:16.169+07:00  INFO 12796 --- [           main] .RepositoryConfigurationExtensionSupport : Spring Data Redis - Could not safely identify store assignment for repository candidate interface com.ticketbooking.repo.UserNotificationRepo; If you want this repository to be a Redis repository, consider annotating your entities with one of these annotations: org.springframework.data.redis.core.RedisHash (preferred), or consider extending one of the following types with your repository: org.springframework.data.keyvalue.repository.KeyValueRepository
2025-08-03T09:33:16.170+07:00  INFO 12796 --- [           main] .RepositoryConfigurationExtensionSupport : Spring Data Redis - Could not safely identify store assignment for repository candidate interface com.ticketbooking.repo.UserPermissionRepo; If you want this repository to be a Redis repository, consider annotating your entities with one of these annotations: org.springframework.data.redis.core.RedisHash (preferred), or consider extending one of the following types with your repository: org.springframework.data.keyvalue.repository.KeyValueRepository
2025-08-03T09:33:16.170+07:00  INFO 12796 --- [           main] .RepositoryConfigurationExtensionSupport : Spring Data Redis - Could not safely identify store assignment for repository candidate interface com.ticketbooking.repo.UserRepo; If you want this repository to be a Redis repository, consider annotating your entities with one of these annotations: org.springframework.data.redis.core.RedisHash (preferred), or consider extending one of the following types with your repository: org.springframework.data.keyvalue.repository.KeyValueRepository
2025-08-03T09:33:16.170+07:00  INFO 12796 --- [           main] .s.d.r.c.RepositoryConfigurationDelegate : Finished Spring Data repository scanning in 11 ms. Found 0 Redis repository interfaces.
2025-08-03T09:33:17.880+07:00  INFO 12796 --- [           main] o.hibernate.jpa.internal.util.LogHelper  : HHH000204: Processing PersistenceUnitInfo [name: default]
2025-08-03T09:33:17.976+07:00  INFO 12796 --- [           main] org.hibernate.Version                    : HHH000412: Hibernate ORM core version 6.2.5.Final
2025-08-03T09:33:17.979+07:00  INFO 12796 --- [           main] org.hibernate.cfg.Environment            : HHH000406: Using bytecode reflection optimizer
2025-08-03T09:33:18.318+07:00  INFO 12796 --- [           main] o.h.b.i.BytecodeProviderInitiator        : HHH000021: Bytecode provider name : bytebuddy
2025-08-03T09:33:18.531+07:00  INFO 12796 --- [           main] o.s.o.j.p.SpringPersistenceUnitInfo      : No LoadTimeWeaver setup: ignoring JPA class transformer
2025-08-03T09:33:18.563+07:00  INFO 12796 --- [           main] com.zaxxer.hikari.HikariDataSource       : HikariPool-1 - Starting...
2025-08-03T09:33:19.097+07:00  INFO 12796 --- [           main] com.zaxxer.hikari.pool.HikariPool        : HikariPool-1 - Added connection com.mysql.cj.jdbc.ConnectionImpl@2553dcc0
2025-08-03T09:33:19.101+07:00  INFO 12796 --- [           main] com.zaxxer.hikari.HikariDataSource       : HikariPool-1 - Start completed.
2025-08-03T09:33:19.180+07:00  WARN 12796 --- [           main] org.hibernate.orm.deprecation            : HHH90000026: MySQL8Dialect has been deprecated; use org.hibernate.dialect.MySQLDialect instead
2025-08-03T09:33:19.933+07:00  INFO 12796 --- [           main] o.h.b.i.BytecodeProviderInitiator        : HHH000021: Bytecode provider name : bytebuddy
2025-08-03T09:33:21.477+07:00  INFO 12796 --- [           main] o.h.e.t.j.p.i.JtaPlatformInitiator       : HHH000490: Using JtaPlatform implementation: [org.hibernate.engine.transaction.jta.platform.internal.NoJtaPlatform]
Hibernate: alter table booking modify column booking_date_time  datetime(6)
Hibernate: alter table booking modify column booking_type  enum ('ONEWAY','ROUNDTRIP')
Hibernate: alter table booking modify column payment_date_time  datetime(6)
Hibernate: alter table booking modify column payment_method  enum ('CARD','CASH')
Hibernate: alter table booking modify column payment_status  enum ('CANCEL','COMPLETED','PAID','REFUNDED','REFUND_PENDING','UNPAID')
Hibernate: alter table coach modify column coach_type  enum ('BED','CHAIR','LIMOUSINE')
Hibernate: alter table discount modify column end_date_time  datetime(6)
Hibernate: alter table discount modify column start_date_time  datetime(6)
Hibernate: alter table loyalty_transaction modify column transaction_date  datetime(6)
Hibernate: alter table loyalty_transaction modify column transaction_type  enum ('EARN','EXPIRE','USE')
Hibernate: alter table notification modify column message  TEXT
Hibernate: alter table notification modify column recipient_type  enum ('ALL','GROUP','INDIVIDUAL')
Hibernate: alter table notification modify column send_date_time  datetime(6)
Hibernate: alter table payment_history modify column new_status  enum ('CANCEL','COMPLETED','PAID','REFUNDED','REFUND_PENDING','UNPAID')
Hibernate: alter table payment_history modify column old_status  enum ('CANCEL','COMPLETED','PAID','REFUNDED','REFUND_PENDING','UNPAID')
Hibernate: alter table payment_history modify column status_change_date_time  datetime(6)
Hibernate: alter table review modify column created_at  datetime(6)
Hibernate: alter table role modify column role_code  enum ('ROLE_ADMIN','ROLE_CREATE','ROLE_CUSTOMER','ROLE_DELETE','ROLE_READ','ROLE_STAFF','ROLE_UPDATE')
Hibernate: alter table token modify column token_type  enum ('BEARER')
Hibernate: alter table trip modify column departure_date_time  datetime(6)
Hibernate: alter table trip modify column duration  float(53)
Hibernate: alter table trip_log modify column log_time  datetime(6)
Hibernate: alter table trip_log modify column log_type  enum ('BREAKDOWN','COMPLETED','INCIDENT','MAINTENANCE','OTHER') not null
Hibernate: alter table user_notification modify column read_date_time  datetime(6)
2025-08-03T09:33:22.281+07:00  INFO 12796 --- [           main] j.LocalContainerEntityManagerFactoryBean : Initialized JPA EntityManagerFactory for persistence unit 'default'
2025-08-03T09:33:23.027+07:00  INFO 12796 --- [           main] o.s.d.j.r.query.QueryEnhancerFactory     : Hibernate is in classpath; If applicable, HQL parser will be used.
2025-08-03T09:33:26.367+07:00  WARN 12796 --- [           main] JpaBaseConfiguration$JpaWebConfiguration : spring.jpa.open-in-view is enabled by default. Therefore, database queries may be performed during view rendering. Explicitly configure spring.jpa.open-in-view to disable this warning
2025-08-03T09:33:27.217+07:00  INFO 12796 --- [           main] o.s.s.web.DefaultSecurityFilterChain     : Will secure any request with [org.springframework.security.web.session.DisableEncodeUrlFilter@1b9e0eb0, org.springframework.security.web.context.request.async.WebAsyncManagerIntegrationFilter@2bae60e8, org.springframework.security.web.context.SecurityContextHolderFilter@5d38011e, org.springframework.security.web.header.HeaderWriterFilter@5c43f48f, org.springframework.web.filter.CorsFilter@75321ba4, org.springframework.security.web.authentication.logout.LogoutFilter@36c7c2e5, com.ticketbooking.jwt.JwtAuthFilter@67ee26af, org.springframework.security.web.savedrequest.RequestCacheAwareFilter@4d2f087a, org.springframework.security.web.servletapi.SecurityContextHolderAwareRequestFilter@710b37c0, org.springframework.security.web.authentication.AnonymousAuthenticationFilter@746be7ac, org.springframework.security.web.session.SessionManagementFilter@6376db97, org.springframework.security.web.access.ExceptionTranslationFilter@62129091, org.springframework.security.web.access.intercept.AuthorizationFilter@6ee60495]
2025-08-03T09:33:28.942+07:00  INFO 12796 --- [           main] o.s.m.s.b.SimpleBrokerMessageHandler     : Starting...
2025-08-03T09:33:28.944+07:00  INFO 12796 --- [           main] o.s.m.s.b.SimpleBrokerMessageHandler     : BrokerAvailabilityEvent[available=true, SimpleBrokerMessageHandler [org.springframework.messaging.simp.broker.DefaultSubscriptionRegistry@df1d05b]]
2025-08-03T09:33:28.946+07:00  INFO 12796 --- [           main] o.s.m.s.b.SimpleBrokerMessageHandler     : Started.
2025-08-03T09:33:28.964+07:00  INFO 12796 --- [           main] c.t.BusTicketBookingApplicationTests     : Started BusTicketBookingApplicationTests in 15.954 seconds (process running for 17.466)
Hibernate: select t1_0.id,t1_0.coach_id,t1_0.completed,t1_0.departure_date_time,t1_0.dest_id,t1_0.discount_id,t1_0.driver_id,t1_0.drop_off_location_id,t1_0.duration,t1_0.pick_up_location_id,t1_0.price,t1_0.source_id from trip t1_0 where not(t1_0.completed)
Hibernate: select c1_0.id,c1_0.capacity,c1_0.coach_type,c1_0.license_plate,c1_0.name from coach c1_0 where c1_0.id=?
Hibernate: select p1_0.id,p1_0.code_name,p1_0.name from province p1_0 where p1_0.id=?
Hibernate: select d1_0.id,d1_0.amount,d1_0.code,d1_0.description,d1_0.end_date_time,d1_0.start_date_time from discount d1_0 where d1_0.id=?
Hibernate: select d1_0.id,d1_0.address,d1_0.dob,d1_0.email,d1_0.first_name,d1_0.gender,d1_0.last_name,d1_0.license_number,d1_0.phone,d1_0.quit from driver d1_0 where d1_0.id=?
Hibernate: select l1_0.id,l1_0.address,l1_0.district,l1_0.is_active,p1_0.id,p1_0.code_name,p1_0.name,l1_0.ward from location l1_0 left join province p1_0 on p1_0.id=l1_0.province_id where l1_0.id=?
Hibernate: select l1_0.id,l1_0.address,l1_0.district,l1_0.is_active,p1_0.id,p1_0.code_name,p1_0.name,l1_0.ward from location l1_0 left join province p1_0 on p1_0.id=l1_0.province_id where l1_0.id=?
Hibernate: select c1_0.id,c1_0.capacity,c1_0.coach_type,c1_0.license_plate,c1_0.name from coach c1_0 where c1_0.id=?
Hibernate: select p1_0.id,p1_0.code_name,p1_0.name from province p1_0 where p1_0.id=?
Hibernate: select d1_0.id,d1_0.amount,d1_0.code,d1_0.description,d1_0.end_date_time,d1_0.start_date_time from discount d1_0 where d1_0.id=?
Hibernate: select d1_0.id,d1_0.address,d1_0.dob,d1_0.email,d1_0.first_name,d1_0.gender,d1_0.last_name,d1_0.license_number,d1_0.phone,d1_0.quit from driver d1_0 where d1_0.id=?
Hibernate: select l1_0.id,l1_0.address,l1_0.district,l1_0.is_active,p1_0.id,p1_0.code_name,p1_0.name,l1_0.ward from location l1_0 left join province p1_0 on p1_0.id=l1_0.province_id where l1_0.id=?
Hibernate: select c1_0.id,c1_0.capacity,c1_0.coach_type,c1_0.license_plate,c1_0.name from coach c1_0 where c1_0.id=?
Hibernate: select d1_0.id,d1_0.address,d1_0.dob,d1_0.email,d1_0.first_name,d1_0.gender,d1_0.last_name,d1_0.license_number,d1_0.phone,d1_0.quit from driver d1_0 where d1_0.id=?
Hibernate: select l1_0.id,l1_0.address,l1_0.district,l1_0.is_active,p1_0.id,p1_0.code_name,p1_0.name,l1_0.ward from location l1_0 left join province p1_0 on p1_0.id=l1_0.province_id where l1_0.id=?
Hibernate: select c1_0.id,c1_0.capacity,c1_0.coach_type,c1_0.license_plate,c1_0.name from coach c1_0 where c1_0.id=?
Hibernate: select d1_0.id,d1_0.amount,d1_0.code,d1_0.description,d1_0.end_date_time,d1_0.start_date_time from discount d1_0 where d1_0.id=?
Hibernate: select d1_0.id,d1_0.address,d1_0.dob,d1_0.email,d1_0.first_name,d1_0.gender,d1_0.last_name,d1_0.license_number,d1_0.phone,d1_0.quit from driver d1_0 where d1_0.id=?
Hibernate: select l1_0.id,l1_0.address,l1_0.district,l1_0.is_active,p1_0.id,p1_0.code_name,p1_0.name,l1_0.ward from location l1_0 left join province p1_0 on p1_0.id=l1_0.province_id where l1_0.id=?
Hibernate: select p1_0.id,p1_0.code_name,p1_0.name from province p1_0 where p1_0.id=?
Hibernate: select l1_0.id,l1_0.address,l1_0.district,l1_0.is_active,p1_0.id,p1_0.code_name,p1_0.name,l1_0.ward from location l1_0 left join province p1_0 on p1_0.id=l1_0.province_id where l1_0.id=?
Hibernate: select l1_0.id,l1_0.address,l1_0.district,l1_0.is_active,p1_0.id,p1_0.code_name,p1_0.name,l1_0.ward from location l1_0 left join province p1_0 on p1_0.id=l1_0.province_id where l1_0.id=?
Hibernate: select t1_0.id,c1_0.id,c1_0.capacity,c1_0.coach_type,c1_0.license_plate,c1_0.name,t1_0.completed,t1_0.departure_date_time,d1_0.id,d1_0.code_name,d1_0.name,d2_0.id,d2_0.amount,d2_0.code,d2_0.description,d2_0.end_date_time,d2_0.start_date_time,d3_0.id,d3_0.address,d3_0.dob,d3_0.email,d3_0.first_name,d3_0.gender,d3_0.last_name,d3_0.license_number,d3_0.phone,d3_0.quit,d4_0.id,d4_0.address,d4_0.district,d4_0.is_active,p1_0.id,p1_0.code_name,p1_0.name,d4_0.ward,t1_0.duration,p2_0.id,p2_0.address,p2_0.district,p2_0.is_active,p3_0.id,p3_0.code_name,p3_0.name,p2_0.ward,t1_0.price,s1_0.id,s1_0.code_name,s1_0.name from trip t1_0 left join coach c1_0 on c1_0.id=t1_0.coach_id left join province d1_0 on d1_0.id=t1_0.dest_id left join discount d2_0 on d2_0.id=t1_0.discount_id left join driver d3_0 on d3_0.id=t1_0.driver_id left join location d4_0 on d4_0.id=t1_0.drop_off_location_id left join province p1_0 on p1_0.id=d4_0.province_id left join location p2_0 on p2_0.id=t1_0.pick_up_location_id left join province p3_0 on p3_0.id=p2_0.province_id left join province s1_0 on s1_0.id=t1_0.source_id where t1_0.id=?
Hibernate: select t1_0.id,c1_0.id,c1_0.capacity,c1_0.coach_type,c1_0.license_plate,c1_0.name,t1_0.completed,t1_0.departure_date_time,d1_0.id,d1_0.code_name,d1_0.name,d2_0.id,d2_0.amount,d2_0.code,d2_0.description,d2_0.end_date_time,d2_0.start_date_time,d3_0.id,d3_0.address,d3_0.dob,d3_0.email,d3_0.first_name,d3_0.gender,d3_0.last_name,d3_0.license_number,d3_0.phone,d3_0.quit,d4_0.id,d4_0.address,d4_0.district,d4_0.is_active,p1_0.id,p1_0.code_name,p1_0.name,d4_0.ward,t1_0.duration,p2_0.id,p2_0.address,p2_0.district,p2_0.is_active,p3_0.id,p3_0.code_name,p3_0.name,p2_0.ward,t1_0.price,s1_0.id,s1_0.code_name,s1_0.name,n1_0.trip_id,n1_0.id,n1_0.message,n1_0.recipient_identifiers,n1_0.recipient_type,n1_0.send_date_time,s2_0.username,s2_0.active,s2_0.address,s2_0.dob,s2_0.email,s2_0.first_name,s2_0.gender,s2_0.last_name,s2_0.loyalty_points,s2_0.password,s2_0.phone,n1_0.title from trip t1_0 left join coach c1_0 on c1_0.id=t1_0.coach_id left join province d1_0 on d1_0.id=t1_0.dest_id left join discount d2_0 on d2_0.id=t1_0.discount_id left join driver d3_0 on d3_0.id=t1_0.driver_id left join location d4_0 on d4_0.id=t1_0.drop_off_location_id left join province p1_0 on p1_0.id=d4_0.province_id left join location p2_0 on p2_0.id=t1_0.pick_up_location_id left join province p3_0 on p3_0.id=p2_0.province_id left join province s1_0 on s1_0.id=t1_0.source_id left join notification n1_0 on t1_0.id=n1_0.trip_id left join user s2_0 on s2_0.username=n1_0.sender_username where t1_0.id=?
Hibernate: select t1_0.trip_id,t1_0.id,c1_0.username,c1_0.active,c1_0.address,c1_0.dob,c1_0.email,c1_0.first_name,c1_0.gender,c1_0.last_name,c1_0.loyalty_points,c1_0.password,c1_0.phone,t1_0.description,t1_0.location,t1_0.log_time,t1_0.log_type from trip_log t1_0 left join user c1_0 on c1_0.username=t1_0.created_by where t1_0.trip_id=?
Hibernate: select r1_0.trip_id,r1_0.id,r1_0.coach_rating,r1_0.comment,r1_0.created_at,r1_0.driver_rating,r1_0.trip_rating,u1_0.username,u1_0.active,u1_0.address,u1_0.dob,u1_0.email,u1_0.first_name,u1_0.gender,u1_0.last_name,u1_0.loyalty_points,u1_0.password,u1_0.phone from review r1_0 left join user u1_0 on u1_0.username=r1_0.username where r1_0.trip_id=?
Hibernate: update trip set coach_id=?,completed=?,departure_date_time=?,dest_id=?,discount_id=?,driver_id=?,drop_off_location_id=?,duration=?,pick_up_location_id=?,price=?,source_id=? where id=?
Trip with ID 53 has been marked as completed.
Hibernate: select b1_0.id,b1_0.booking_date_time,b1_0.booking_type,b1_0.cust_first_name,b1_0.cust_last_name,b1_0.email,b1_0.payment_date_time,b1_0.payment_method,b1_0.payment_status,b1_0.phone,b1_0.points_earned,b1_0.points_used,b1_0.seat_number,b1_0.total_payment,b1_0.trip_id,b1_0.username from booking b1_0 where b1_0.trip_id=? and b1_0.payment_status!='CANCEL' and b1_0.payment_status!='REFUNDED' and b1_0.payment_status!='REFUND_PENDING'
Hibernate: select t1_0.id,c1_0.id,c1_0.capacity,c1_0.coach_type,c1_0.license_plate,c1_0.name,t1_0.completed,t1_0.departure_date_time,d1_0.id,d1_0.code_name,d1_0.name,d2_0.id,d2_0.amount,d2_0.code,d2_0.description,d2_0.end_date_time,d2_0.start_date_time,d3_0.id,d3_0.address,d3_0.dob,d3_0.email,d3_0.first_name,d3_0.gender,d3_0.last_name,d3_0.license_number,d3_0.phone,d3_0.quit,d4_0.id,d4_0.address,d4_0.district,d4_0.is_active,p1_0.id,p1_0.code_name,p1_0.name,d4_0.ward,t1_0.duration,p2_0.id,p2_0.address,p2_0.district,p2_0.is_active,p3_0.id,p3_0.code_name,p3_0.name,p2_0.ward,t1_0.price,s1_0.id,s1_0.code_name,s1_0.name from trip t1_0 left join coach c1_0 on c1_0.id=t1_0.coach_id left join province d1_0 on d1_0.id=t1_0.dest_id left join discount d2_0 on d2_0.id=t1_0.discount_id left join driver d3_0 on d3_0.id=t1_0.driver_id left join location d4_0 on d4_0.id=t1_0.drop_off_location_id left join province p1_0 on p1_0.id=d4_0.province_id left join location p2_0 on p2_0.id=t1_0.pick_up_location_id left join province p3_0 on p3_0.id=p2_0.province_id left join province s1_0 on s1_0.id=t1_0.source_id where t1_0.id=?
Hibernate: select u1_0.username,u1_0.active,u1_0.address,u1_0.dob,u1_0.email,u1_0.first_name,u1_0.gender,u1_0.last_name,u1_0.loyalty_points,u1_0.password,u1_0.phone,p1_0.username,p1_0.id,r1_0.id,r1_0.description,r1_0.role_code,r1_0.role_name,p1_0.screen_code from user u1_0 left join user_permission p1_0 on u1_0.username=p1_0.username left join role r1_0 on r1_0.id=p1_0.role_id where u1_0.username=?
Hibernate: select b1_0.booking_id,b1_0.id,b1_0.cargo_id,c1_0.id,c1_0.base_price,c1_0.description,c1_0.name,b1_0.price,b1_0.quantity from booking_cargo b1_0 left join cargo c1_0 on c1_0.id=b1_0.cargo_id where b1_0.booking_id=?
Hibernate: select b1_0.booking_id,b1_0.id,b1_0.cargo_id,c1_0.id,c1_0.base_price,c1_0.description,c1_0.name,b1_0.price,b1_0.quantity from booking_cargo b1_0 left join cargo c1_0 on c1_0.id=b1_0.cargo_id where b1_0.booking_id=?
Hibernate: select b1_0.booking_id,b1_0.id,b1_0.cargo_id,c1_0.id,c1_0.base_price,c1_0.description,c1_0.name,b1_0.price,b1_0.quantity from booking_cargo b1_0 left join cargo c1_0 on c1_0.id=b1_0.cargo_id where b1_0.booking_id=?
Hibernate: select b1_0.booking_id,b1_0.id,b1_0.cargo_id,c1_0.id,c1_0.base_price,c1_0.description,c1_0.name,b1_0.price,b1_0.quantity from booking_cargo b1_0 left join cargo c1_0 on c1_0.id=b1_0.cargo_id where b1_0.booking_id=?
Hibernate: select b1_0.booking_id,b1_0.id,b1_0.cargo_id,c1_0.id,c1_0.base_price,c1_0.description,c1_0.name,b1_0.price,b1_0.quantity from booking_cargo b1_0 left join cargo c1_0 on c1_0.id=b1_0.cargo_id where b1_0.booking_id=?
Hibernate: select l1_0.id from loyalty_transaction l1_0 where l1_0.booking_id=? limit ?
Booking 40 is not eligible for points.
Hibernate: select l1_0.id from loyalty_transaction l1_0 where l1_0.booking_id=? limit ?
Booking 42 is not eligible for points.
Hibernate: select l1_0.id from loyalty_transaction l1_0 where l1_0.booking_id=? limit ?
Booking 43 is not eligible for points.
Hibernate: select l1_0.id from loyalty_transaction l1_0 where l1_0.booking_id=? limit ?
Booking 44 is not eligible for points.
Booking 45 does not have a user associated with it. No points will be earned.
Hibernate: select t1_0.id,c1_0.id,c1_0.capacity,c1_0.coach_type,c1_0.license_plate,c1_0.name,t1_0.completed,t1_0.departure_date_time,d1_0.id,d1_0.code_name,d1_0.name,d2_0.id,d2_0.amount,d2_0.code,d2_0.description,d2_0.end_date_time,d2_0.start_date_time,d3_0.id,d3_0.address,d3_0.dob,d3_0.email,d3_0.first_name,d3_0.gender,d3_0.last_name,d3_0.license_number,d3_0.phone,d3_0.quit,d4_0.id,d4_0.address,d4_0.district,d4_0.is_active,p1_0.id,p1_0.code_name,p1_0.name,d4_0.ward,t1_0.duration,p2_0.id,p2_0.address,p2_0.district,p2_0.is_active,p3_0.id,p3_0.code_name,p3_0.name,p2_0.ward,t1_0.price,s1_0.id,s1_0.code_name,s1_0.name,n1_0.trip_id,n1_0.id,n1_0.message,n1_0.recipient_identifiers,n1_0.recipient_type,n1_0.send_date_time,s2_0.username,s2_0.active,s2_0.address,s2_0.dob,s2_0.email,s2_0.first_name,s2_0.gender,s2_0.last_name,s2_0.loyalty_points,s2_0.password,s2_0.phone,n1_0.title from trip t1_0 left join coach c1_0 on c1_0.id=t1_0.coach_id left join province d1_0 on d1_0.id=t1_0.dest_id left join discount d2_0 on d2_0.id=t1_0.discount_id left join driver d3_0 on d3_0.id=t1_0.driver_id left join location d4_0 on d4_0.id=t1_0.drop_off_location_id left join province p1_0 on p1_0.id=d4_0.province_id left join location p2_0 on p2_0.id=t1_0.pick_up_location_id left join province p3_0 on p3_0.id=p2_0.province_id left join province s1_0 on s1_0.id=t1_0.source_id left join notification n1_0 on t1_0.id=n1_0.trip_id left join user s2_0 on s2_0.username=n1_0.sender_username where t1_0.id=?
Hibernate: select t1_0.trip_id,t1_0.id,c1_0.username,c1_0.active,c1_0.address,c1_0.dob,c1_0.email,c1_0.first_name,c1_0.gender,c1_0.last_name,c1_0.loyalty_points,c1_0.password,c1_0.phone,t1_0.description,t1_0.location,t1_0.log_time,t1_0.log_type from trip_log t1_0 left join user c1_0 on c1_0.username=t1_0.created_by where t1_0.trip_id=?
Hibernate: select r1_0.trip_id,r1_0.id,r1_0.coach_rating,r1_0.comment,r1_0.created_at,r1_0.driver_rating,r1_0.trip_rating,u1_0.username,u1_0.active,u1_0.address,u1_0.dob,u1_0.email,u1_0.first_name,u1_0.gender,u1_0.last_name,u1_0.loyalty_points,u1_0.password,u1_0.phone from review r1_0 left join user u1_0 on u1_0.username=r1_0.username where r1_0.trip_id=?
Hibernate: select t1_0.id,c1_0.id,c1_0.capacity,c1_0.coach_type,c1_0.license_plate,c1_0.name,t1_0.completed,t1_0.departure_date_time,d1_0.id,d1_0.code_name,d1_0.name,d2_0.id,d2_0.amount,d2_0.code,d2_0.description,d2_0.end_date_time,d2_0.start_date_time,d3_0.id,d3_0.address,d3_0.dob,d3_0.email,d3_0.first_name,d3_0.gender,d3_0.last_name,d3_0.license_number,d3_0.phone,d3_0.quit,d4_0.id,d4_0.address,d4_0.district,d4_0.is_active,p1_0.id,p1_0.code_name,p1_0.name,d4_0.ward,t1_0.duration,p2_0.id,p2_0.address,p2_0.district,p2_0.is_active,p3_0.id,p3_0.code_name,p3_0.name,p2_0.ward,t1_0.price,s1_0.id,s1_0.code_name,s1_0.name from trip t1_0 left join coach c1_0 on c1_0.id=t1_0.coach_id left join province d1_0 on d1_0.id=t1_0.dest_id left join discount d2_0 on d2_0.id=t1_0.discount_id left join driver d3_0 on d3_0.id=t1_0.driver_id left join location d4_0 on d4_0.id=t1_0.drop_off_location_id left join province p1_0 on p1_0.id=d4_0.province_id left join location p2_0 on p2_0.id=t1_0.pick_up_location_id left join province p3_0 on p3_0.id=p2_0.province_id left join province s1_0 on s1_0.id=t1_0.source_id where t1_0.id=?
Hibernate: select t1_0.id,c1_0.id,c1_0.capacity,c1_0.coach_type,c1_0.license_plate,c1_0.name,t1_0.completed,t1_0.departure_date_time,d1_0.id,d1_0.code_name,d1_0.name,d2_0.id,d2_0.amount,d2_0.code,d2_0.description,d2_0.end_date_time,d2_0.start_date_time,d3_0.id,d3_0.address,d3_0.dob,d3_0.email,d3_0.first_name,d3_0.gender,d3_0.last_name,d3_0.license_number,d3_0.phone,d3_0.quit,d4_0.id,d4_0.address,d4_0.district,d4_0.is_active,p1_0.id,p1_0.code_name,p1_0.name,d4_0.ward,t1_0.duration,p2_0.id,p2_0.address,p2_0.district,p2_0.is_active,p3_0.id,p3_0.code_name,p3_0.name,p2_0.ward,t1_0.price,s1_0.id,s1_0.code_name,s1_0.name,n1_0.trip_id,n1_0.id,n1_0.message,n1_0.recipient_identifiers,n1_0.recipient_type,n1_0.send_date_time,s2_0.username,s2_0.active,s2_0.address,s2_0.dob,s2_0.email,s2_0.first_name,s2_0.gender,s2_0.last_name,s2_0.loyalty_points,s2_0.password,s2_0.phone,n1_0.title from trip t1_0 left join coach c1_0 on c1_0.id=t1_0.coach_id left join province d1_0 on d1_0.id=t1_0.dest_id left join discount d2_0 on d2_0.id=t1_0.discount_id left join driver d3_0 on d3_0.id=t1_0.driver_id left join location d4_0 on d4_0.id=t1_0.drop_off_location_id left join province p1_0 on p1_0.id=d4_0.province_id left join location p2_0 on p2_0.id=t1_0.pick_up_location_id left join province p3_0 on p3_0.id=p2_0.province_id left join province s1_0 on s1_0.id=t1_0.source_id left join notification n1_0 on t1_0.id=n1_0.trip_id left join user s2_0 on s2_0.username=n1_0.sender_username where t1_0.id=?
Hibernate: select t1_0.trip_id,t1_0.id,c1_0.username,c1_0.active,c1_0.address,c1_0.dob,c1_0.email,c1_0.first_name,c1_0.gender,c1_0.last_name,c1_0.loyalty_points,c1_0.password,c1_0.phone,t1_0.description,t1_0.location,t1_0.log_time,t1_0.log_type from trip_log t1_0 left join user c1_0 on c1_0.username=t1_0.created_by where t1_0.trip_id=?
Hibernate: select r1_0.trip_id,r1_0.id,r1_0.coach_rating,r1_0.comment,r1_0.created_at,r1_0.driver_rating,r1_0.trip_rating,u1_0.username,u1_0.active,u1_0.address,u1_0.dob,u1_0.email,u1_0.first_name,u1_0.gender,u1_0.last_name,u1_0.loyalty_points,u1_0.password,u1_0.phone from review r1_0 left join user u1_0 on u1_0.username=r1_0.username where r1_0.trip_id=?
Hibernate: update trip set coach_id=?,completed=?,departure_date_time=?,dest_id=?,discount_id=?,driver_id=?,drop_off_location_id=?,duration=?,pick_up_location_id=?,price=?,source_id=? where id=?
Trip with ID 54 has been marked as completed.
Hibernate: select b1_0.id,b1_0.booking_date_time,b1_0.booking_type,b1_0.cust_first_name,b1_0.cust_last_name,b1_0.email,b1_0.payment_date_time,b1_0.payment_method,b1_0.payment_status,b1_0.phone,b1_0.points_earned,b1_0.points_used,b1_0.seat_number,b1_0.total_payment,b1_0.trip_id,b1_0.username from booking b1_0 where b1_0.trip_id=? and b1_0.payment_status!='CANCEL' and b1_0.payment_status!='REFUNDED' and b1_0.payment_status!='REFUND_PENDING'
Hibernate: select t1_0.id,c1_0.id,c1_0.capacity,c1_0.coach_type,c1_0.license_plate,c1_0.name,t1_0.completed,t1_0.departure_date_time,d1_0.id,d1_0.code_name,d1_0.name,d2_0.id,d2_0.amount,d2_0.code,d2_0.description,d2_0.end_date_time,d2_0.start_date_time,d3_0.id,d3_0.address,d3_0.dob,d3_0.email,d3_0.first_name,d3_0.gender,d3_0.last_name,d3_0.license_number,d3_0.phone,d3_0.quit,d4_0.id,d4_0.address,d4_0.district,d4_0.is_active,p1_0.id,p1_0.code_name,p1_0.name,d4_0.ward,t1_0.duration,p2_0.id,p2_0.address,p2_0.district,p2_0.is_active,p3_0.id,p3_0.code_name,p3_0.name,p2_0.ward,t1_0.price,s1_0.id,s1_0.code_name,s1_0.name from trip t1_0 left join coach c1_0 on c1_0.id=t1_0.coach_id left join province d1_0 on d1_0.id=t1_0.dest_id left join discount d2_0 on d2_0.id=t1_0.discount_id left join driver d3_0 on d3_0.id=t1_0.driver_id left join location d4_0 on d4_0.id=t1_0.drop_off_location_id left join province p1_0 on p1_0.id=d4_0.province_id left join location p2_0 on p2_0.id=t1_0.pick_up_location_id left join province p3_0 on p3_0.id=p2_0.province_id left join province s1_0 on s1_0.id=t1_0.source_id where t1_0.id=?
Hibernate: select u1_0.username,u1_0.active,u1_0.address,u1_0.dob,u1_0.email,u1_0.first_name,u1_0.gender,u1_0.last_name,u1_0.loyalty_points,u1_0.password,u1_0.phone,p1_0.username,p1_0.id,r1_0.id,r1_0.description,r1_0.role_code,r1_0.role_name,p1_0.screen_code from user u1_0 left join user_permission p1_0 on u1_0.username=p1_0.username left join role r1_0 on r1_0.id=p1_0.role_id where u1_0.username=?
Hibernate: select b1_0.booking_id,b1_0.id,b1_0.cargo_id,c1_0.id,c1_0.base_price,c1_0.description,c1_0.name,b1_0.price,b1_0.quantity from booking_cargo b1_0 left join cargo c1_0 on c1_0.id=b1_0.cargo_id where b1_0.booking_id=?
Hibernate: select l1_0.id from loyalty_transaction l1_0 where l1_0.booking_id=? limit ?
Booking 39 is PAID and no previous transaction exists.
Points earned for booking 39: 4500.0000
Hibernate: select u1_0.username,u1_0.active,u1_0.address,u1_0.dob,u1_0.email,u1_0.first_name,u1_0.gender,u1_0.last_name,u1_0.loyalty_points,u1_0.password,u1_0.phone,p1_0.username,p1_0.id,r1_0.id,r1_0.description,r1_0.role_code,r1_0.role_name,p1_0.screen_code from user u1_0 left join user_permission p1_0 on u1_0.username=p1_0.username left join role r1_0 on r1_0.id=p1_0.role_id where u1_0.username=?
Hibernate: select u1_0.username,u1_0.id,u1_0.is_deleted,u1_0.is_read,n1_0.id,n1_0.message,n1_0.recipient_identifiers,n1_0.recipient_type,n1_0.send_date_time,s1_0.username,s1_0.active,s1_0.address,s1_0.dob,s1_0.email,s1_0.first_name,s1_0.gender,s1_0.last_name,s1_0.loyalty_points,s1_0.password,s1_0.phone,n1_0.title,t1_0.id,t1_0.coach_id,t1_0.completed,t1_0.departure_date_time,t1_0.dest_id,t1_0.discount_id,t1_0.driver_id,t1_0.drop_off_location_id,t1_0.duration,t1_0.pick_up_location_id,t1_0.price,t1_0.source_id,u1_0.read_date_time from user_notification u1_0 left join notification n1_0 on n1_0.id=u1_0.notification_id left join user s1_0 on s1_0.username=n1_0.sender_username left join trip t1_0 on t1_0.id=n1_0.trip_id where u1_0.username=?
Hibernate: select c1_0.id,c1_0.capacity,c1_0.coach_type,c1_0.license_plate,c1_0.name from coach c1_0 where c1_0.id=?
Hibernate: select p1_0.id,p1_0.code_name,p1_0.name from province p1_0 where p1_0.id=?
Hibernate: select d1_0.id,d1_0.amount,d1_0.code,d1_0.description,d1_0.end_date_time,d1_0.start_date_time from discount d1_0 where d1_0.id=?
Hibernate: select d1_0.id,d1_0.address,d1_0.dob,d1_0.email,d1_0.first_name,d1_0.gender,d1_0.last_name,d1_0.license_number,d1_0.phone,d1_0.quit from driver d1_0 where d1_0.id=?
Hibernate: select l1_0.id,l1_0.address,l1_0.district,l1_0.is_active,p1_0.id,p1_0.code_name,p1_0.name,l1_0.ward from location l1_0 left join province p1_0 on p1_0.id=l1_0.province_id where l1_0.id=?
Hibernate: select l1_0.id,l1_0.address,l1_0.district,l1_0.is_active,p1_0.id,p1_0.code_name,p1_0.name,l1_0.ward from location l1_0 left join province p1_0 on p1_0.id=l1_0.province_id where l1_0.id=?
Hibernate: select c1_0.id,c1_0.capacity,c1_0.coach_type,c1_0.license_plate,c1_0.name from coach c1_0 where c1_0.id=?
Hibernate: select p1_0.id,p1_0.code_name,p1_0.name from province p1_0 where p1_0.id=?
Hibernate: select d1_0.id,d1_0.address,d1_0.dob,d1_0.email,d1_0.first_name,d1_0.gender,d1_0.last_name,d1_0.license_number,d1_0.phone,d1_0.quit from driver d1_0 where d1_0.id=?
Hibernate: select l1_0.id,l1_0.address,l1_0.district,l1_0.is_active,p1_0.id,p1_0.code_name,p1_0.name,l1_0.ward from location l1_0 left join province p1_0 on p1_0.id=l1_0.province_id where l1_0.id=?
Hibernate: select l1_0.id,l1_0.address,l1_0.district,l1_0.is_active,p1_0.id,p1_0.code_name,p1_0.name,l1_0.ward from location l1_0 left join province p1_0 on p1_0.id=l1_0.province_id where l1_0.id=?
Hibernate: select c1_0.id,c1_0.capacity,c1_0.coach_type,c1_0.license_plate,c1_0.name from coach c1_0 where c1_0.id=?
Hibernate: select d1_0.id,d1_0.address,d1_0.dob,d1_0.email,d1_0.first_name,d1_0.gender,d1_0.last_name,d1_0.license_number,d1_0.phone,d1_0.quit from driver d1_0 where d1_0.id=?
Hibernate: select l1_0.id,l1_0.address,l1_0.district,l1_0.is_active,p1_0.id,p1_0.code_name,p1_0.name,l1_0.ward from location l1_0 left join province p1_0 on p1_0.id=l1_0.province_id where l1_0.id=?
Hibernate: select l1_0.id,l1_0.address,l1_0.district,l1_0.is_active,p1_0.id,p1_0.code_name,p1_0.name,l1_0.ward from location l1_0 left join province p1_0 on p1_0.id=l1_0.province_id where l1_0.id=?
Hibernate: select c1_0.id,c1_0.capacity,c1_0.coach_type,c1_0.license_plate,c1_0.name from coach c1_0 where c1_0.id=?
Hibernate: select p1_0.username,p1_0.id,r1_0.id,r1_0.description,r1_0.role_code,r1_0.role_name,p1_0.screen_code from user_permission p1_0 left join role r1_0 on r1_0.id=p1_0.role_id where p1_0.username=?
Hibernate: select p1_0.username,p1_0.id,r1_0.id,r1_0.description,r1_0.role_code,r1_0.role_name,p1_0.screen_code from user_permission p1_0 left join role r1_0 on r1_0.id=p1_0.role_id where p1_0.username=?
Hibernate: select t1_0.created_by,t1_0.id,t1_0.description,t1_0.location,t1_0.log_time,t1_0.log_type,t2_0.id,c2_0.id,c2_0.capacity,c2_0.coach_type,c2_0.license_plate,c2_0.name,t2_0.completed,t2_0.departure_date_time,d1_0.id,d1_0.code_name,d1_0.name,d2_0.id,d2_0.amount,d2_0.code,d2_0.description,d2_0.end_date_time,d2_0.start_date_time,d3_0.id,d3_0.address,d3_0.dob,d3_0.email,d3_0.first_name,d3_0.gender,d3_0.last_name,d3_0.license_number,d3_0.phone,d3_0.quit,d4_0.id,d4_0.address,d4_0.district,d4_0.is_active,d4_0.province_id,d4_0.ward,t2_0.duration,p2_0.id,p2_0.address,p2_0.district,p2_0.is_active,p2_0.province_id,p2_0.ward,t2_0.price,s1_0.id,s1_0.code_name,s1_0.name from trip_log t1_0 left join trip t2_0 on t2_0.id=t1_0.trip_id left join coach c2_0 on c2_0.id=t2_0.coach_id left join province d1_0 on d1_0.id=t2_0.dest_id left join discount d2_0 on d2_0.id=t2_0.discount_id left join driver d3_0 on d3_0.id=t2_0.driver_id left join location d4_0 on d4_0.id=t2_0.drop_off_location_id left join location p2_0 on p2_0.id=t2_0.pick_up_location_id left join province s1_0 on s1_0.id=t2_0.source_id where t1_0.created_by=?
Hibernate: select s1_0.sender_username,s1_0.id,s1_0.message,s1_0.recipient_identifiers,s1_0.recipient_type,s1_0.send_date_time,s1_0.title,t1_0.id,c1_0.id,c1_0.capacity,c1_0.coach_type,c1_0.license_plate,c1_0.name,t1_0.completed,t1_0.departure_date_time,d1_0.id,d1_0.code_name,d1_0.name,d2_0.id,d2_0.amount,d2_0.code,d2_0.description,d2_0.end_date_time,d2_0.start_date_time,d3_0.id,d3_0.address,d3_0.dob,d3_0.email,d3_0.first_name,d3_0.gender,d3_0.last_name,d3_0.license_number,d3_0.phone,d3_0.quit,d4_0.id,d4_0.address,d4_0.district,d4_0.is_active,d4_0.province_id,d4_0.ward,t1_0.duration,p2_0.id,p2_0.address,p2_0.district,p2_0.is_active,p2_0.province_id,p2_0.ward,t1_0.price,s3_0.id,s3_0.code_name,s3_0.name from notification s1_0 left join trip t1_0 on t1_0.id=s1_0.trip_id left join coach c1_0 on c1_0.id=t1_0.coach_id left join province d1_0 on d1_0.id=t1_0.dest_id left join discount d2_0 on d2_0.id=t1_0.discount_id left join driver d3_0 on d3_0.id=t1_0.driver_id left join location d4_0 on d4_0.id=t1_0.drop_off_location_id left join location p2_0 on p2_0.id=t1_0.pick_up_location_id left join province s3_0 on s3_0.id=t1_0.source_id where s1_0.sender_username=?
Hibernate: select r1_0.username,r1_0.id,r1_0.coach_rating,r1_0.comment,r1_0.created_at,r1_0.driver_rating,t1_0.id,c1_0.id,c1_0.capacity,c1_0.coach_type,c1_0.license_plate,c1_0.name,t1_0.completed,t1_0.departure_date_time,d1_0.id,d1_0.code_name,d1_0.name,d2_0.id,d2_0.amount,d2_0.code,d2_0.description,d2_0.end_date_time,d2_0.start_date_time,d3_0.id,d3_0.address,d3_0.dob,d3_0.email,d3_0.first_name,d3_0.gender,d3_0.last_name,d3_0.license_number,d3_0.phone,d3_0.quit,d4_0.id,d4_0.address,d4_0.district,d4_0.is_active,d4_0.province_id,d4_0.ward,t1_0.duration,p2_0.id,p2_0.address,p2_0.district,p2_0.is_active,p2_0.province_id,p2_0.ward,t1_0.price,s1_0.id,s1_0.code_name,s1_0.name,r1_0.trip_rating from review r1_0 left join trip t1_0 on t1_0.id=r1_0.trip_id left join coach c1_0 on c1_0.id=t1_0.coach_id left join province d1_0 on d1_0.id=t1_0.dest_id left join discount d2_0 on d2_0.id=t1_0.discount_id left join driver d3_0 on d3_0.id=t1_0.driver_id left join location d4_0 on d4_0.id=t1_0.drop_off_location_id left join location p2_0 on p2_0.id=t1_0.pick_up_location_id left join province s1_0 on s1_0.id=t1_0.source_id where r1_0.username=?
Hibernate: update user set active=?,address=?,dob=?,email=?,first_name=?,gender=?,last_name=?,loyalty_points=?,password=?,phone=? where username=?
Hibernate: select null,u1_0.active,u1_0.address,u1_0.dob,u1_0.email,u1_0.first_name,u1_0.gender,u1_0.last_name,u1_0.loyalty_points,u1_0.password,u1_0.phone from user u1_0 where u1_0.username=?
Hibernate: insert into loyalty_transaction (amount,booking_id,transaction_date,transaction_type,username) values (?,?,?,?,?)
Hibernate: select b1_0.id,b1_0.booking_date_time,b1_0.booking_type,b1_0.cust_first_name,b1_0.cust_last_name,b1_0.email,b1_0.payment_date_time,b1_0.payment_method,b1_0.payment_status,b1_0.phone,b1_0.points_earned,b1_0.points_used,b1_0.seat_number,b1_0.total_payment,t1_0.id,c1_0.id,c1_0.capacity,c1_0.coach_type,c1_0.license_plate,c1_0.name,t1_0.completed,t1_0.departure_date_time,d1_0.id,d1_0.code_name,d1_0.name,d2_0.id,d2_0.amount,d2_0.code,d2_0.description,d2_0.end_date_time,d2_0.start_date_time,d3_0.id,d3_0.address,d3_0.dob,d3_0.email,d3_0.first_name,d3_0.gender,d3_0.last_name,d3_0.license_number,d3_0.phone,d3_0.quit,d4_0.id,d4_0.address,d4_0.district,d4_0.is_active,d4_0.province_id,d4_0.ward,t1_0.duration,p2_0.id,p2_0.address,p2_0.district,p2_0.is_active,p2_0.province_id,p2_0.ward,t1_0.price,s1_0.id,s1_0.code_name,s1_0.name,n1_0.trip_id,n1_0.id,n1_0.message,n1_0.recipient_identifiers,n1_0.recipient_type,n1_0.send_date_time,n1_0.sender_username,n1_0.title,u1_0.username,u1_0.active,u1_0.address,u1_0.dob,u1_0.email,u1_0.first_name,u1_0.gender,u1_0.last_name,u1_0.loyalty_points,u1_0.password,u1_0.phone from booking b1_0 left join trip t1_0 on t1_0.id=b1_0.trip_id left join coach c1_0 on c1_0.id=t1_0.coach_id left join province d1_0 on d1_0.id=t1_0.dest_id left join discount d2_0 on d2_0.id=t1_0.discount_id left join driver d3_0 on d3_0.id=t1_0.driver_id left join location d4_0 on d4_0.id=t1_0.drop_off_location_id left join location p2_0 on p2_0.id=t1_0.pick_up_location_id left join province s1_0 on s1_0.id=t1_0.source_id left join notification n1_0 on t1_0.id=n1_0.trip_id left join user u1_0 on u1_0.username=b1_0.username where b1_0.id=?
Hibernate: select u1_0.username,u1_0.id,u1_0.is_deleted,u1_0.is_read,n1_0.id,n1_0.message,n1_0.recipient_identifiers,n1_0.recipient_type,n1_0.send_date_time,s1_0.username,s1_0.active,s1_0.address,s1_0.dob,s1_0.email,s1_0.first_name,s1_0.gender,s1_0.last_name,s1_0.loyalty_points,s1_0.password,s1_0.phone,n1_0.title,t1_0.id,t1_0.coach_id,t1_0.completed,t1_0.departure_date_time,t1_0.dest_id,t1_0.discount_id,t1_0.driver_id,t1_0.drop_off_location_id,t1_0.duration,t1_0.pick_up_location_id,t1_0.price,t1_0.source_id,u1_0.read_date_time from user_notification u1_0 left join notification n1_0 on n1_0.id=u1_0.notification_id left join user s1_0 on s1_0.username=n1_0.sender_username left join trip t1_0 on t1_0.id=n1_0.trip_id where u1_0.username=?
Hibernate: select c1_0.id,c1_0.capacity,c1_0.coach_type,c1_0.license_plate,c1_0.name from coach c1_0 where c1_0.id=?
Hibernate: select d1_0.id,d1_0.amount,d1_0.code,d1_0.description,d1_0.end_date_time,d1_0.start_date_time from discount d1_0 where d1_0.id=?
Hibernate: select d1_0.id,d1_0.address,d1_0.dob,d1_0.email,d1_0.first_name,d1_0.gender,d1_0.last_name,d1_0.license_number,d1_0.phone,d1_0.quit from driver d1_0 where d1_0.id=?
Hibernate: select c1_0.id,c1_0.capacity,c1_0.coach_type,c1_0.license_plate,c1_0.name from coach c1_0 where c1_0.id=?
Hibernate: select p1_0.id,p1_0.code_name,p1_0.name from province p1_0 where p1_0.id=?
Hibernate: select d1_0.id,d1_0.address,d1_0.dob,d1_0.email,d1_0.first_name,d1_0.gender,d1_0.last_name,d1_0.license_number,d1_0.phone,d1_0.quit from driver d1_0 where d1_0.id=?
Hibernate: select l1_0.id,l1_0.address,l1_0.district,l1_0.is_active,p1_0.id,p1_0.code_name,p1_0.name,l1_0.ward from location l1_0 left join province p1_0 on p1_0.id=l1_0.province_id where l1_0.id=?
Hibernate: select l1_0.id,l1_0.address,l1_0.district,l1_0.is_active,p1_0.id,p1_0.code_name,p1_0.name,l1_0.ward from location l1_0 left join province p1_0 on p1_0.id=l1_0.province_id where l1_0.id=?
Hibernate: select c1_0.id,c1_0.capacity,c1_0.coach_type,c1_0.license_plate,c1_0.name from coach c1_0 where c1_0.id=?
Hibernate: select d1_0.id,d1_0.address,d1_0.dob,d1_0.email,d1_0.first_name,d1_0.gender,d1_0.last_name,d1_0.license_number,d1_0.phone,d1_0.quit from driver d1_0 where d1_0.id=?
Hibernate: select l1_0.id,l1_0.address,l1_0.district,l1_0.is_active,p1_0.id,p1_0.code_name,p1_0.name,l1_0.ward from location l1_0 left join province p1_0 on p1_0.id=l1_0.province_id where l1_0.id=?
Hibernate: select l1_0.id,l1_0.address,l1_0.district,l1_0.is_active,p1_0.id,p1_0.code_name,p1_0.name,l1_0.ward from location l1_0 left join province p1_0 on p1_0.id=l1_0.province_id where l1_0.id=?
Hibernate: select p1_0.username,p1_0.id,r1_0.id,r1_0.description,r1_0.role_code,r1_0.role_name,p1_0.screen_code from user_permission p1_0 left join role r1_0 on r1_0.id=p1_0.role_id where p1_0.username=?
Hibernate: select p1_0.username,p1_0.id,r1_0.id,r1_0.description,r1_0.role_code,r1_0.role_name,p1_0.screen_code from user_permission p1_0 left join role r1_0 on r1_0.id=p1_0.role_id where p1_0.username=?
[...]
Hibernate: insert into user_notification (is_deleted,is_read,notification_id,read_date_time,username) values (?,?,?,?,?)
Notification sent to user: user1
Hibernate: select t1_0.id,c1_0.id,c1_0.capacity,c1_0.coach_type,c1_0.license_plate,c1_0.name,t1_0.completed,t1_0.departure_date_time,d1_0.id,d1_0.code_name,d1_0.name,d2_0.id,d2_0.amount,d2_0.code,d2_0.description,d2_0.end_date_time,d2_0.start_date_time,d3_0.id,d3_0.address,d3_0.dob,d3_0.email,d3_0.first_name,d3_0.gender,d3_0.last_name,d3_0.license_number,d3_0.phone,d3_0.quit,d4_0.id,d4_0.address,d4_0.district,d4_0.is_active,p1_0.id,p1_0.code_name,p1_0.name,d4_0.ward,t1_0.duration,p2_0.id,p2_0.address,p2_0.district,p2_0.is_active,p3_0.id,p3_0.code_name,p3_0.name,p2_0.ward,t1_0.price,s1_0.id,s1_0.code_name,s1_0.name,n1_0.trip_id,n1_0.id,n1_0.message,n1_0.recipient_identifiers,n1_0.recipient_type,n1_0.send_date_time,s2_0.username,s2_0.active,s2_0.address,s2_0.dob,s2_0.email,s2_0.first_name,s2_0.gender,s2_0.last_name,s2_0.loyalty_points,s2_0.password,s2_0.phone,n1_0.title from trip t1_0 left join coach c1_0 on c1_0.id=t1_0.coach_id left join province d1_0 on d1_0.id=t1_0.dest_id left join discount d2_0 on d2_0.id=t1_0.discount_id left join driver d3_0 on d3_0.id=t1_0.driver_id left join location d4_0 on d4_0.id=t1_0.drop_off_location_id left join province p1_0 on p1_0.id=d4_0.province_id left join location p2_0 on p2_0.id=t1_0.pick_up_location_id left join province p3_0 on p3_0.id=p2_0.province_id left join province s1_0 on s1_0.id=t1_0.source_id left join notification n1_0 on t1_0.id=n1_0.trip_id left join user s2_0 on s2_0.username=n1_0.sender_username where t1_0.id=?
Hibernate: select t1_0.trip_id,t1_0.id,c1_0.username,c1_0.active,c1_0.address,c1_0.dob,c1_0.email,c1_0.first_name,c1_0.gender,c1_0.last_name,c1_0.loyalty_points,c1_0.password,c1_0.phone,t1_0.description,t1_0.location,t1_0.log_time,t1_0.log_type from trip_log t1_0 left join user c1_0 on c1_0.username=t1_0.created_by where t1_0.trip_id=?
Hibernate: select r1_0.trip_id,r1_0.id,r1_0.coach_rating,r1_0.comment,r1_0.created_at,r1_0.driver_rating,r1_0.trip_rating,u1_0.username,u1_0.active,u1_0.address,u1_0.dob,u1_0.email,u1_0.first_name,u1_0.gender,u1_0.last_name,u1_0.loyalty_points,u1_0.password,u1_0.phone from review r1_0 left join user u1_0 on u1_0.username=r1_0.username where r1_0.trip_id=?
Hibernate: select u1_0.notification_id,u1_0.id,u1_0.is_deleted,u1_0.is_read,u1_0.read_date_time,u2_0.username,u2_0.active,u2_0.address,u2_0.dob,u2_0.email,u2_0.first_name,u2_0.gender,u2_0.last_name,u2_0.loyalty_points,u2_0.password,u2_0.phone from user_notification u1_0 left join user u2_0 on u2_0.username=u1_0.username where u1_0.notification_id=?
Hibernate: select p1_0.username,p1_0.id,r1_0.id,r1_0.description,r1_0.role_code,r1_0.role_name,p1_0.screen_code from user_permission p1_0 left join role r1_0 on r1_0.id=p1_0.role_id where p1_0.username=?
Hibernate: select u1_0.username,u1_0.id,u1_0.is_deleted,u1_0.is_read,n1_0.id,n1_0.message,n1_0.recipient_identifiers,n1_0.recipient_type,n1_0.send_date_time,s1_0.username,s1_0.active,s1_0.address,s1_0.dob,s1_0.email,s1_0.first_name,s1_0.gender,s1_0.last_name,s1_0.loyalty_points,s1_0.password,s1_0.phone,n1_0.title,t1_0.id,t1_0.coach_id,t1_0.completed,t1_0.departure_date_time,t1_0.dest_id,t1_0.discount_id,t1_0.driver_id,t1_0.drop_off_location_id,t1_0.duration,t1_0.pick_up_location_id,t1_0.price,t1_0.source_id,u1_0.read_date_time from user_notification u1_0 left join notification n1_0 on n1_0.id=u1_0.notification_id left join user s1_0 on s1_0.username=n1_0.sender_username left join trip t1_0 on t1_0.id=n1_0.trip_id where u1_0.username=?
Hibernate: select p1_0.username,p1_0.id,r1_0.id,r1_0.description,r1_0.role_code,r1_0.role_name,p1_0.screen_code from user_permission p1_0 left join role r1_0 on r1_0.id=p1_0.role_id where p1_0.username=?
Hibernate: select t1_0.created_by,t1_0.id,t1_0.description,t1_0.location,t1_0.log_time,t1_0.log_type,t2_0.id,c2_0.id,c2_0.capacity,c2_0.coach_type,c2_0.license_plate,c2_0.name,t2_0.completed,t2_0.departure_date_time,d1_0.id,d1_0.code_name,d1_0.name,d2_0.id,d2_0.amount,d2_0.code,d2_0.description,d2_0.end_date_time,d2_0.start_date_time,d3_0.id,d3_0.address,d3_0.dob,d3_0.email,d3_0.first_name,d3_0.gender,d3_0.last_name,d3_0.license_number,d3_0.phone,d3_0.quit,d4_0.id,d4_0.address,d4_0.district,d4_0.is_active,d4_0.province_id,d4_0.ward,t2_0.duration,p2_0.id,p2_0.address,p2_0.district,p2_0.is_active,p2_0.province_id,p2_0.ward,t2_0.price,s1_0.id,s1_0.code_name,s1_0.name from trip_log t1_0 left join trip t2_0 on t2_0.id=t1_0.trip_id left join coach c2_0 on c2_0.id=t2_0.coach_id left join province d1_0 on d1_0.id=t2_0.dest_id left join discount d2_0 on d2_0.id=t2_0.discount_id left join driver d3_0 on d3_0.id=t2_0.driver_id left join location d4_0 on d4_0.id=t2_0.drop_off_location_id left join location p2_0 on p2_0.id=t2_0.pick_up_location_id left join province s1_0 on s1_0.id=t2_0.source_id where t1_0.created_by=?
Hibernate: select s1_0.sender_username,s1_0.id,s1_0.message,s1_0.recipient_identifiers,s1_0.recipient_type,s1_0.send_date_time,s1_0.title,t1_0.id,c1_0.id,c1_0.capacity,c1_0.coach_type,c1_0.license_plate,c1_0.name,t1_0.completed,t1_0.departure_date_time,d1_0.id,d1_0.code_name,d1_0.name,d2_0.id,d2_0.amount,d2_0.code,d2_0.description,d2_0.end_date_time,d2_0.start_date_time,d3_0.id,d3_0.address,d3_0.dob,d3_0.email,d3_0.first_name,d3_0.gender,d3_0.last_name,d3_0.license_number,d3_0.phone,d3_0.quit,d4_0.id,d4_0.address,d4_0.district,d4_0.is_active,d4_0.province_id,d4_0.ward,t1_0.duration,p2_0.id,p2_0.address,p2_0.district,p2_0.is_active,p2_0.province_id,p2_0.ward,t1_0.price,s3_0.id,s3_0.code_name,s3_0.name from notification s1_0 left join trip t1_0 on t1_0.id=s1_0.trip_id left join coach c1_0 on c1_0.id=t1_0.coach_id left join province d1_0 on d1_0.id=t1_0.dest_id left join discount d2_0 on d2_0.id=t1_0.discount_id left join driver d3_0 on d3_0.id=t1_0.driver_id left join location d4_0 on d4_0.id=t1_0.drop_off_location_id left join location p2_0 on p2_0.id=t1_0.pick_up_location_id left join province s3_0 on s3_0.id=t1_0.source_id where s1_0.sender_username=?
Hibernate: select r1_0.username,r1_0.id,r1_0.coach_rating,r1_0.comment,r1_0.created_at,r1_0.driver_rating,t1_0.id,c1_0.id,c1_0.capacity,c1_0.coach_type,c1_0.license_plate,c1_0.name,t1_0.completed,t1_0.departure_date_time,d1_0.id,d1_0.code_name,d1_0.name,d2_0.id,d2_0.amount,d2_0.code,d2_0.description,d2_0.end_date_time,d2_0.start_date_time,d3_0.id,d3_0.address,d3_0.dob,d3_0.email,d3_0.first_name,d3_0.gender,d3_0.last_name,d3_0.license_number,d3_0.phone,d3_0.quit,d4_0.id,d4_0.address,d4_0.district,d4_0.is_active,d4_0.province_id,d4_0.ward,t1_0.duration,p2_0.id,p2_0.address,p2_0.district,p2_0.is_active,p2_0.province_id,p2_0.ward,t1_0.price,s1_0.id,s1_0.code_name,s1_0.name,r1_0.trip_rating from review r1_0 left join trip t1_0 on t1_0.id=r1_0.trip_id left join coach c1_0 on c1_0.id=t1_0.coach_id left join province d1_0 on d1_0.id=t1_0.dest_id left join discount d2_0 on d2_0.id=t1_0.discount_id left join driver d3_0 on d3_0.id=t1_0.driver_id left join location d4_0 on d4_0.id=t1_0.drop_off_location_id left join location p2_0 on p2_0.id=t1_0.pick_up_location_id left join province s1_0 on s1_0.id=t1_0.source_id where r1_0.username=?
Hibernate: select p1_0.username,p1_0.id,r1_0.id,r1_0.description,r1_0.role_code,r1_0.role_name,p1_0.screen_code from user_permission p1_0 left join role r1_0 on r1_0.id=p1_0.role_id where p1_0.username=?
Hibernate: select t1_0.id,c1_0.id,c1_0.capacity,c1_0.coach_type,c1_0.license_plate,c1_0.name,t1_0.completed,t1_0.departure_date_time,d1_0.id,d1_0.code_name,d1_0.name,d2_0.id,d2_0.amount,d2_0.code,d2_0.description,d2_0.end_date_time,d2_0.start_date_time,d3_0.id,d3_0.address,d3_0.dob,d3_0.email,d3_0.first_name,d3_0.gender,d3_0.last_name,d3_0.license_number,d3_0.phone,d3_0.quit,d4_0.id,d4_0.address,d4_0.district,d4_0.is_active,p1_0.id,p1_0.code_name,p1_0.name,d4_0.ward,t1_0.duration,p2_0.id,p2_0.address,p2_0.district,p2_0.is_active,p3_0.id,p3_0.code_name,p3_0.name,p2_0.ward,t1_0.price,s1_0.id,s1_0.code_name,s1_0.name from trip t1_0 left join coach c1_0 on c1_0.id=t1_0.coach_id left join province d1_0 on d1_0.id=t1_0.dest_id left join discount d2_0 on d2_0.id=t1_0.discount_id left join driver d3_0 on d3_0.id=t1_0.driver_id left join location d4_0 on d4_0.id=t1_0.drop_off_location_id left join province p1_0 on p1_0.id=d4_0.province_id left join location p2_0 on p2_0.id=t1_0.pick_up_location_id left join province p3_0 on p3_0.id=p2_0.province_id left join province s1_0 on s1_0.id=t1_0.source_id where t1_0.id=?
Hibernate: select t1_0.id,c1_0.id,c1_0.capacity,c1_0.coach_type,c1_0.license_plate,c1_0.name,t1_0.completed,t1_0.departure_date_time,d1_0.id,d1_0.code_name,d1_0.name,d2_0.id,d2_0.amount,d2_0.code,d2_0.description,d2_0.end_date_time,d2_0.start_date_time,d3_0.id,d3_0.address,d3_0.dob,d3_0.email,d3_0.first_name,d3_0.gender,d3_0.last_name,d3_0.license_number,d3_0.phone,d3_0.quit,d4_0.id,d4_0.address,d4_0.district,d4_0.is_active,p1_0.id,p1_0.code_name,p1_0.name,d4_0.ward,t1_0.duration,p2_0.id,p2_0.address,p2_0.district,p2_0.is_active,p3_0.id,p3_0.code_name,p3_0.name,p2_0.ward,t1_0.price,s1_0.id,s1_0.code_name,s1_0.name,n1_0.trip_id,n1_0.id,n1_0.message,n1_0.recipient_identifiers,n1_0.recipient_type,n1_0.send_date_time,s2_0.username,s2_0.active,s2_0.address,s2_0.dob,s2_0.email,s2_0.first_name,s2_0.gender,s2_0.last_name,s2_0.loyalty_points,s2_0.password,s2_0.phone,n1_0.title from trip t1_0 left join coach c1_0 on c1_0.id=t1_0.coach_id left join province d1_0 on d1_0.id=t1_0.dest_id left join discount d2_0 on d2_0.id=t1_0.discount_id left join driver d3_0 on d3_0.id=t1_0.driver_id left join location d4_0 on d4_0.id=t1_0.drop_off_location_id left join province p1_0 on p1_0.id=d4_0.province_id left join location p2_0 on p2_0.id=t1_0.pick_up_location_id left join province p3_0 on p3_0.id=p2_0.province_id left join province s1_0 on s1_0.id=t1_0.source_id left join notification n1_0 on t1_0.id=n1_0.trip_id left join user s2_0 on s2_0.username=n1_0.sender_username where t1_0.id=?
Hibernate: select t1_0.trip_id,t1_0.id,c1_0.username,c1_0.active,c1_0.address,c1_0.dob,c1_0.email,c1_0.first_name,c1_0.gender,c1_0.last_name,c1_0.loyalty_points,c1_0.password,c1_0.phone,t1_0.description,t1_0.location,t1_0.log_time,t1_0.log_type from trip_log t1_0 left join user c1_0 on c1_0.username=t1_0.created_by where t1_0.trip_id=?
Hibernate: select r1_0.trip_id,r1_0.id,r1_0.coach_rating,r1_0.comment,r1_0.created_at,r1_0.driver_rating,r1_0.trip_rating,u1_0.username,u1_0.active,u1_0.address,u1_0.dob,u1_0.email,u1_0.first_name,u1_0.gender,u1_0.last_name,u1_0.loyalty_points,u1_0.password,u1_0.phone from review r1_0 left join user u1_0 on u1_0.username=r1_0.username where r1_0.trip_id=?
Hibernate: update trip set coach_id=?,completed=?,departure_date_time=?,dest_id=?,discount_id=?,driver_id=?,drop_off_location_id=?,duration=?,pick_up_location_id=?,price=?,source_id=? where id=?
Trip with ID 55 has been marked as completed.
Hibernate: select b1_0.id,b1_0.booking_date_time,b1_0.booking_type,b1_0.cust_first_name,b1_0.cust_last_name,b1_0.email,b1_0.payment_date_time,b1_0.payment_method,b1_0.payment_status,b1_0.phone,b1_0.points_earned,b1_0.points_used,b1_0.seat_number,b1_0.total_payment,b1_0.trip_id,b1_0.username from booking b1_0 where b1_0.trip_id=? and b1_0.payment_status!='CANCEL' and b1_0.payment_status!='REFUNDED' and b1_0.payment_status!='REFUND_PENDING'
Hibernate: select t1_0.id,c1_0.id,c1_0.capacity,c1_0.coach_type,c1_0.license_plate,c1_0.name,t1_0.completed,t1_0.departure_date_time,d1_0.id,d1_0.code_name,d1_0.name,d2_0.id,d2_0.amount,d2_0.code,d2_0.description,d2_0.end_date_time,d2_0.start_date_time,d3_0.id,d3_0.address,d3_0.dob,d3_0.email,d3_0.first_name,d3_0.gender,d3_0.last_name,d3_0.license_number,d3_0.phone,d3_0.quit,d4_0.id,d4_0.address,d4_0.district,d4_0.is_active,p1_0.id,p1_0.code_name,p1_0.name,d4_0.ward,t1_0.duration,p2_0.id,p2_0.address,p2_0.district,p2_0.is_active,p3_0.id,p3_0.code_name,p3_0.name,p2_0.ward,t1_0.price,s1_0.id,s1_0.code_name,s1_0.name,n1_0.trip_id,n1_0.id,n1_0.message,n1_0.recipient_identifiers,n1_0.recipient_type,n1_0.send_date_time,s2_0.username,s2_0.active,s2_0.address,s2_0.dob,s2_0.email,s2_0.first_name,s2_0.gender,s2_0.last_name,s2_0.loyalty_points,s2_0.password,s2_0.phone,n1_0.title from trip t1_0 left join coach c1_0 on c1_0.id=t1_0.coach_id left join province d1_0 on d1_0.id=t1_0.dest_id left join discount d2_0 on d2_0.id=t1_0.discount_id left join driver d3_0 on d3_0.id=t1_0.driver_id left join location d4_0 on d4_0.id=t1_0.drop_off_location_id left join province p1_0 on p1_0.id=d4_0.province_id left join location p2_0 on p2_0.id=t1_0.pick_up_location_id left join province p3_0 on p3_0.id=p2_0.province_id left join province s1_0 on s1_0.id=t1_0.source_id left join notification n1_0 on t1_0.id=n1_0.trip_id left join user s2_0 on s2_0.username=n1_0.sender_username where t1_0.id=?
Hibernate: select t1_0.trip_id,t1_0.id,c1_0.username,c1_0.active,c1_0.address,c1_0.dob,c1_0.email,c1_0.first_name,c1_0.gender,c1_0.last_name,c1_0.loyalty_points,c1_0.password,c1_0.phone,t1_0.description,t1_0.location,t1_0.log_time,t1_0.log_type from trip_log t1_0 left join user c1_0 on c1_0.username=t1_0.created_by where t1_0.trip_id=?
Hibernate: select r1_0.trip_id,r1_0.id,r1_0.coach_rating,r1_0.comment,r1_0.created_at,r1_0.driver_rating,r1_0.trip_rating,u1_0.username,u1_0.active,u1_0.address,u1_0.dob,u1_0.email,u1_0.first_name,u1_0.gender,u1_0.last_name,u1_0.loyalty_points,u1_0.password,u1_0.phone from review r1_0 left join user u1_0 on u1_0.username=r1_0.username where r1_0.trip_id=?
Hibernate: select t1_0.id,c1_0.id,c1_0.capacity,c1_0.coach_type,c1_0.license_plate,c1_0.name,t1_0.completed,t1_0.departure_date_time,d1_0.id,d1_0.code_name,d1_0.name,d2_0.id,d2_0.amount,d2_0.code,d2_0.description,d2_0.end_date_time,d2_0.start_date_time,d3_0.id,d3_0.address,d3_0.dob,d3_0.email,d3_0.first_name,d3_0.gender,d3_0.last_name,d3_0.license_number,d3_0.phone,d3_0.quit,d4_0.id,d4_0.address,d4_0.district,d4_0.is_active,p1_0.id,p1_0.code_name,p1_0.name,d4_0.ward,t1_0.duration,p2_0.id,p2_0.address,p2_0.district,p2_0.is_active,p3_0.id,p3_0.code_name,p3_0.name,p2_0.ward,t1_0.price,s1_0.id,s1_0.code_name,s1_0.name from trip t1_0 left join coach c1_0 on c1_0.id=t1_0.coach_id left join province d1_0 on d1_0.id=t1_0.dest_id left join discount d2_0 on d2_0.id=t1_0.discount_id left join driver d3_0 on d3_0.id=t1_0.driver_id left join location d4_0 on d4_0.id=t1_0.drop_off_location_id left join province p1_0 on p1_0.id=d4_0.province_id left join location p2_0 on p2_0.id=t1_0.pick_up_location_id left join province p3_0 on p3_0.id=p2_0.province_id left join province s1_0 on s1_0.id=t1_0.source_id where t1_0.id=?
Hibernate: select t1_0.id,c1_0.id,c1_0.capacity,c1_0.coach_type,c1_0.license_plate,c1_0.name,t1_0.completed,t1_0.departure_date_time,d1_0.id,d1_0.code_name,d1_0.name,d2_0.id,d2_0.amount,d2_0.code,d2_0.description,d2_0.end_date_time,d2_0.start_date_time,d3_0.id,d3_0.address,d3_0.dob,d3_0.email,d3_0.first_name,d3_0.gender,d3_0.last_name,d3_0.license_number,d3_0.phone,d3_0.quit,d4_0.id,d4_0.address,d4_0.district,d4_0.is_active,p1_0.id,p1_0.code_name,p1_0.name,d4_0.ward,t1_0.duration,p2_0.id,p2_0.address,p2_0.district,p2_0.is_active,p3_0.id,p3_0.code_name,p3_0.name,p2_0.ward,t1_0.price,s1_0.id,s1_0.code_name,s1_0.name,n1_0.trip_id,n1_0.id,n1_0.message,n1_0.recipient_identifiers,n1_0.recipient_type,n1_0.send_date_time,s2_0.username,s2_0.active,s2_0.address,s2_0.dob,s2_0.email,s2_0.first_name,s2_0.gender,s2_0.last_name,s2_0.loyalty_points,s2_0.password,s2_0.phone,n1_0.title from trip t1_0 left join coach c1_0 on c1_0.id=t1_0.coach_id left join province d1_0 on d1_0.id=t1_0.dest_id left join discount d2_0 on d2_0.id=t1_0.discount_id left join driver d3_0 on d3_0.id=t1_0.driver_id left join location d4_0 on d4_0.id=t1_0.drop_off_location_id left join province p1_0 on p1_0.id=d4_0.province_id left join location p2_0 on p2_0.id=t1_0.pick_up_location_id left join province p3_0 on p3_0.id=p2_0.province_id left join province s1_0 on s1_0.id=t1_0.source_id left join notification n1_0 on t1_0.id=n1_0.trip_id left join user s2_0 on s2_0.username=n1_0.sender_username where t1_0.id=?
Hibernate: select t1_0.trip_id,t1_0.id,c1_0.username,c1_0.active,c1_0.address,c1_0.dob,c1_0.email,c1_0.first_name,c1_0.gender,c1_0.last_name,c1_0.loyalty_points,c1_0.password,c1_0.phone,t1_0.description,t1_0.location,t1_0.log_time,t1_0.log_type from trip_log t1_0 left join user c1_0 on c1_0.username=t1_0.created_by where t1_0.trip_id=?
Hibernate: select r1_0.trip_id,r1_0.id,r1_0.coach_rating,r1_0.comment,r1_0.created_at,r1_0.driver_rating,r1_0.trip_rating,u1_0.username,u1_0.active,u1_0.address,u1_0.dob,u1_0.email,u1_0.first_name,u1_0.gender,u1_0.last_name,u1_0.loyalty_points,u1_0.password,u1_0.phone from review r1_0 left join user u1_0 on u1_0.username=r1_0.username where r1_0.trip_id=?
Hibernate: update trip set coach_id=?,completed=?,departure_date_time=?,dest_id=?,discount_id=?,driver_id=?,drop_off_location_id=?,duration=?,pick_up_location_id=?,price=?,source_id=? where id=?
Trip with ID 56 has been marked as completed.
Hibernate: select b1_0.id,b1_0.booking_date_time,b1_0.booking_type,b1_0.cust_first_name,b1_0.cust_last_name,b1_0.email,b1_0.payment_date_time,b1_0.payment_method,b1_0.payment_status,b1_0.phone,b1_0.points_earned,b1_0.points_used,b1_0.seat_number,b1_0.total_payment,b1_0.trip_id,b1_0.username from booking b1_0 where b1_0.trip_id=? and b1_0.payment_status!='CANCEL' and b1_0.payment_status!='REFUNDED' and b1_0.payment_status!='REFUND_PENDING'
Hibernate: select t1_0.id,c1_0.id,c1_0.capacity,c1_0.coach_type,c1_0.license_plate,c1_0.name,t1_0.completed,t1_0.departure_date_time,d1_0.id,d1_0.code_name,d1_0.name,d2_0.id,d2_0.amount,d2_0.code,d2_0.description,d2_0.end_date_time,d2_0.start_date_time,d3_0.id,d3_0.address,d3_0.dob,d3_0.email,d3_0.first_name,d3_0.gender,d3_0.last_name,d3_0.license_number,d3_0.phone,d3_0.quit,d4_0.id,d4_0.address,d4_0.district,d4_0.is_active,p1_0.id,p1_0.code_name,p1_0.name,d4_0.ward,t1_0.duration,p2_0.id,p2_0.address,p2_0.district,p2_0.is_active,p3_0.id,p3_0.code_name,p3_0.name,p2_0.ward,t1_0.price,s1_0.id,s1_0.code_name,s1_0.name,n1_0.trip_id,n1_0.id,n1_0.message,n1_0.recipient_identifiers,n1_0.recipient_type,n1_0.send_date_time,s2_0.username,s2_0.active,s2_0.address,s2_0.dob,s2_0.email,s2_0.first_name,s2_0.gender,s2_0.last_name,s2_0.loyalty_points,s2_0.password,s2_0.phone,n1_0.title from trip t1_0 left join coach c1_0 on c1_0.id=t1_0.coach_id left join province d1_0 on d1_0.id=t1_0.dest_id left join discount d2_0 on d2_0.id=t1_0.discount_id left join driver d3_0 on d3_0.id=t1_0.driver_id left join location d4_0 on d4_0.id=t1_0.drop_off_location_id left join province p1_0 on p1_0.id=d4_0.province_id left join location p2_0 on p2_0.id=t1_0.pick_up_location_id left join province p3_0 on p3_0.id=p2_0.province_id left join province s1_0 on s1_0.id=t1_0.source_id left join notification n1_0 on t1_0.id=n1_0.trip_id left join user s2_0 on s2_0.username=n1_0.sender_username where t1_0.id=?
Hibernate: select t1_0.trip_id,t1_0.id,c1_0.username,c1_0.active,c1_0.address,c1_0.dob,c1_0.email,c1_0.first_name,c1_0.gender,c1_0.last_name,c1_0.loyalty_points,c1_0.password,c1_0.phone,t1_0.description,t1_0.location,t1_0.log_time,t1_0.log_type from trip_log t1_0 left join user c1_0 on c1_0.username=t1_0.created_by where t1_0.trip_id=?
Hibernate: select r1_0.trip_id,r1_0.id,r1_0.coach_rating,r1_0.comment,r1_0.created_at,r1_0.driver_rating,r1_0.trip_rating,u1_0.username,u1_0.active,u1_0.address,u1_0.dob,u1_0.email,u1_0.first_name,u1_0.gender,u1_0.last_name,u1_0.loyalty_points,u1_0.password,u1_0.phone from review r1_0 left join user u1_0 on u1_0.username=r1_0.username where r1_0.trip_id=?
]]></system-out>
  </testcase>
</testsuite>