<?xml version="1.0" encoding="UTF-8"?>
<testsuite xmlns:xsi="http://www.w3.org/2001/XMLSchema-instance" xsi:noNamespaceSchemaLocation="https://maven.apache.org/surefire/maven-surefire-plugin/xsd/surefire-test-report-3.0.xsd" version="3.0" name="com.ticketbooking.BusTicketBookingApplicationTests" time="27.93" tests="1" errors="0" skipped="0" failures="0">
  <properties>
[...]
</properties>
  <testcase name="contextLoads" classname="com.ticketbooking.BusTicketBookingApplicationTests" time="1.35">
    <system-out><![CDATA[22:00:34.089 [main] INFO org.springframework.test.context.support.AnnotationConfigContextLoaderUtils -- Could not detect default configuration classes for test class [com.ticketbooking.BusTicketBookingApplicationTests]: BusTicketBookingApplicationTests does not declare any static, non-private, non-final, nested classes annotated with @Configuration.
22:00:34.417 [main] INFO org.springframework.boot.test.context.SpringBootTestContextBootstrapper -- Found @SpringBootConfiguration com.ticketbooking.BusTicketBookingApplication for test class com.ticketbooking.BusTicketBookingApplicationTests

  .   ____          _            __ _ _
 /\\ / ___'_ __ _ _(_)_ __  __ _ \ \ \ \
( ( )\___ | '_ | '_| | '_ \/ _` | \ \ \ \
 \\/  ___)| |_)| | | | | || (_| |  ) ) ) )
  '  |____| .__|_| |_|_| |_\__, | / / / /
 =========|_|==============|___/=/_/_/_/
 :: Spring Boot ::                (v3.1.1)

2024-11-16T22:00:35.811+07:00  INFO 20212 --- [           main] c.t.BusTicketBookingApplicationTests     : Starting BusTicketBookingApplicationTests using Java 20.0.1 with PID 20212 (started by dienc in C:\Users\dienc\Desktop\ThucTap\BusTicketBooking\BusTicketBooking-Backend)
2024-11-16T22:00:35.813+07:00  INFO 20212 --- [           main] c.t.BusTicketBookingApplicationTests     : No active profile set, falling back to 1 default profile: "default"
2024-11-16T22:00:39.083+07:00  INFO 20212 --- [           main] .s.d.r.c.RepositoryConfigurationDelegate : Bootstrapping Spring Data JPA repositories in DEFAULT mode.
2024-11-16T22:00:39.558+07:00  INFO 20212 --- [           main] .s.d.r.c.RepositoryConfigurationDelegate : Finished Spring Data repository scanning in 454 ms. Found 20 JPA repository interfaces.
2024-11-16T22:00:42.204+07:00  INFO 20212 --- [           main] o.hibernate.jpa.internal.util.LogHelper  : HHH000204: Processing PersistenceUnitInfo [name: default]
2024-11-16T22:00:42.390+07:00  INFO 20212 --- [           main] org.hibernate.Version                    : HHH000412: Hibernate ORM core version 6.2.5.Final
2024-11-16T22:00:42.397+07:00  INFO 20212 --- [           main] org.hibernate.cfg.Environment            : HHH000406: Using bytecode reflection optimizer
2024-11-16T22:00:42.876+07:00  INFO 20212 --- [           main] o.h.b.i.BytecodeProviderInitiator        : HHH000021: Bytecode provider name : bytebuddy
2024-11-16T22:00:43.280+07:00  INFO 20212 --- [           main] o.s.o.j.p.SpringPersistenceUnitInfo      : No LoadTimeWeaver setup: ignoring JPA class transformer
2024-11-16T22:00:43.326+07:00  INFO 20212 --- [           main] com.zaxxer.hikari.HikariDataSource       : HikariPool-1 - Starting...
2024-11-16T22:00:44.263+07:00  INFO 20212 --- [           main] com.zaxxer.hikari.pool.HikariPool        : HikariPool-1 - Added connection com.mysql.cj.jdbc.ConnectionImpl@5bf523e3
2024-11-16T22:00:44.271+07:00  INFO 20212 --- [           main] com.zaxxer.hikari.HikariDataSource       : HikariPool-1 - Start completed.
2024-11-16T22:00:44.383+07:00  WARN 20212 --- [           main] org.hibernate.orm.deprecation            : HHH90000026: MySQL8Dialect has been deprecated; use org.hibernate.dialect.MySQLDialect instead
2024-11-16T22:00:45.827+07:00  INFO 20212 --- [           main] o.h.b.i.BytecodeProviderInitiator        : HHH000021: Bytecode provider name : bytebuddy
2024-11-16T22:00:48.900+07:00  INFO 20212 --- [           main] o.h.e.t.j.p.i.JtaPlatformInitiator       : HHH000490: Using JtaPlatform implementation: [org.hibernate.engine.transaction.jta.platform.internal.NoJtaPlatform]
Hibernate: alter table booking modify column booking_date_time  datetime(6)
Hibernate: alter table booking modify column booking_type  enum ('ONEWAY','ROUNDTRIP')
Hibernate: alter table booking modify column payment_date_time  datetime(6)
Hibernate: alter table booking modify column payment_method  enum ('CARD','CASH')
Hibernate: alter table booking modify column payment_status  enum ('CANCEL','COMPLETED','PAID','REFUNDED','UNPAID')
Hibernate: alter table coach modify column coach_type  enum ('BED','CHAIR','LIMOUSINE')
Hibernate: alter table discount modify column end_date_time  datetime(6)
Hibernate: alter table discount modify column start_date_time  datetime(6)
Hibernate: alter table loyalty_transaction modify column transaction_date  datetime(6)
Hibernate: alter table loyalty_transaction modify column transaction_type  enum ('EARN','EXPIRE','USE')
Hibernate: alter table notification modify column message  TEXT
Hibernate: alter table notification modify column recipient_type  enum ('ALL','GROUP','INDIVIDUAL')
Hibernate: alter table notification modify column send_date_time  datetime(6)
Hibernate: alter table payment_history modify column new_status  enum ('CANCEL','COMPLETED','PAID','REFUNDED','UNPAID')
Hibernate: alter table payment_history modify column old_status  enum ('CANCEL','COMPLETED','PAID','REFUNDED','UNPAID')
Hibernate: alter table payment_history modify column status_change_date_time  datetime(6)
Hibernate: alter table review modify column created_at  datetime(6)
Hibernate: alter table role modify column role_code  enum ('ROLE_ADMIN','ROLE_CREATE','ROLE_CUSTOMER','ROLE_DELETE','ROLE_READ','ROLE_STAFF','ROLE_UPDATE')
Hibernate: alter table token modify column token_type  enum ('BEARER')
Hibernate: alter table trip modify column departure_date_time  datetime(6)
Hibernate: alter table trip modify column duration  float(53)
Hibernate: alter table trip_log modify column log_time  datetime(6)
Hibernate: alter table trip_log modify column log_type  enum ('BREAKDOWN','COMPLETED','INCIDENT','MAINTENANCE','OTHER') not null
Hibernate: alter table user_notification modify column read_date_time  datetime(6)
2024-11-16T22:00:50.317+07:00  INFO 20212 --- [           main] j.LocalContainerEntityManagerFactoryBean : Initialized JPA EntityManagerFactory for persistence unit 'default'
2024-11-16T22:00:51.614+07:00  INFO 20212 --- [           main] o.s.d.j.r.query.QueryEnhancerFactory     : Hibernate is in classpath; If applicable, HQL parser will be used.
2024-11-16T22:00:56.917+07:00  WARN 20212 --- [           main] JpaBaseConfiguration$JpaWebConfiguration : spring.jpa.open-in-view is enabled by default. Therefore, database queries may be performed during view rendering. Explicitly configure spring.jpa.open-in-view to disable this warning
2024-11-16T22:00:58.447+07:00  INFO 20212 --- [           main] o.s.s.web.DefaultSecurityFilterChain     : Will secure any request with [org.springframework.security.web.session.DisableEncodeUrlFilter@356d9441, org.springframework.security.web.context.request.async.WebAsyncManagerIntegrationFilter@c9acbec, org.springframework.security.web.context.SecurityContextHolderFilter@40e41f16, org.springframework.security.web.header.HeaderWriterFilter@6f51c04f, org.springframework.web.filter.CorsFilter@5bf8d583, org.springframework.security.web.authentication.logout.LogoutFilter@4d089dcd, com.ticketbooking.jwt.JwtAuthFilter@5b3063b7, org.springframework.security.web.savedrequest.RequestCacheAwareFilter@5fedaf7c, org.springframework.security.web.servletapi.SecurityContextHolderAwareRequestFilter@264888e7, org.springframework.security.web.authentication.AnonymousAuthenticationFilter@7f6f4644, org.springframework.security.web.session.SessionManagementFilter@451426ac, org.springframework.security.web.access.ExceptionTranslationFilter@72663b1e, org.springframework.security.web.access.intercept.AuthorizationFilter@6be78a46]
2024-11-16T22:01:00.009+07:00  INFO 20212 --- [           main] o.s.m.s.b.SimpleBrokerMessageHandler     : Starting...
2024-11-16T22:01:00.014+07:00  INFO 20212 --- [           main] o.s.m.s.b.SimpleBrokerMessageHandler     : BrokerAvailabilityEvent[available=true, SimpleBrokerMessageHandler [org.springframework.messaging.simp.broker.DefaultSubscriptionRegistry@5972ab3d]]
2024-11-16T22:01:00.016+07:00  INFO 20212 --- [           main] o.s.m.s.b.SimpleBrokerMessageHandler     : Started.
2024-11-16T22:01:00.041+07:00  INFO 20212 --- [           main] c.t.BusTicketBookingApplicationTests     : Started BusTicketBookingApplicationTests in 25.178 seconds (process running for 28.43)
Hibernate: select t1_0.id,t1_0.coach_id,t1_0.completed,t1_0.departure_date_time,t1_0.dest_id,t1_0.discount_id,t1_0.driver_id,t1_0.drop_off_location_id,t1_0.duration,t1_0.pick_up_location_id,t1_0.price,t1_0.source_id from trip t1_0 where not(t1_0.completed)
Hibernate: select c1_0.id,c1_0.capacity,c1_0.coach_type,c1_0.license_plate,c1_0.name from coach c1_0 where c1_0.id=?
Hibernate: select p1_0.id,p1_0.code_name,p1_0.name from province p1_0 where p1_0.id=?
Hibernate: select d1_0.id,d1_0.amount,d1_0.code,d1_0.description,d1_0.end_date_time,d1_0.start_date_time from discount d1_0 where d1_0.id=?
Hibernate: select d1_0.id,d1_0.address,d1_0.dob,d1_0.email,d1_0.first_name,d1_0.gender,d1_0.last_name,d1_0.license_number,d1_0.phone,d1_0.quit from driver d1_0 where d1_0.id=?
Hibernate: select l1_0.id,l1_0.address,l1_0.district,l1_0.is_active,p1_0.id,p1_0.code_name,p1_0.name,l1_0.ward from location l1_0 left join province p1_0 on p1_0.id=l1_0.province_id where l1_0.id=?
Hibernate: select l1_0.id,l1_0.address,l1_0.district,l1_0.is_active,p1_0.id,p1_0.code_name,p1_0.name,l1_0.ward from location l1_0 left join province p1_0 on p1_0.id=l1_0.province_id where l1_0.id=?
Hibernate: select c1_0.id,c1_0.capacity,c1_0.coach_type,c1_0.license_plate,c1_0.name from coach c1_0 where c1_0.id=?
Hibernate: select d1_0.id,d1_0.amount,d1_0.code,d1_0.description,d1_0.end_date_time,d1_0.start_date_time from discount d1_0 where d1_0.id=?
Hibernate: select d1_0.id,d1_0.address,d1_0.dob,d1_0.email,d1_0.first_name,d1_0.gender,d1_0.last_name,d1_0.license_number,d1_0.phone,d1_0.quit from driver d1_0 where d1_0.id=?
Hibernate: select p1_0.id,p1_0.code_name,p1_0.name from province p1_0 where p1_0.id=?
Hibernate: select c1_0.id,c1_0.capacity,c1_0.coach_type,c1_0.license_plate,c1_0.name from coach c1_0 where c1_0.id=?
Hibernate: select p1_0.id,p1_0.code_name,p1_0.name from province p1_0 where p1_0.id=?
Hibernate: select d1_0.id,d1_0.address,d1_0.dob,d1_0.email,d1_0.first_name,d1_0.gender,d1_0.last_name,d1_0.license_number,d1_0.phone,d1_0.quit from driver d1_0 where d1_0.id=?
Hibernate: select l1_0.id,l1_0.address,l1_0.district,l1_0.is_active,p1_0.id,p1_0.code_name,p1_0.name,l1_0.ward from location l1_0 left join province p1_0 on p1_0.id=l1_0.province_id where l1_0.id=?
Hibernate: select l1_0.id,l1_0.address,l1_0.district,l1_0.is_active,p1_0.id,p1_0.code_name,p1_0.name,l1_0.ward from location l1_0 left join province p1_0 on p1_0.id=l1_0.province_id where l1_0.id=?
Hibernate: select d1_0.id,d1_0.amount,d1_0.code,d1_0.description,d1_0.end_date_time,d1_0.start_date_time from discount d1_0 where d1_0.id=?
Hibernate: select d1_0.id,d1_0.address,d1_0.dob,d1_0.email,d1_0.first_name,d1_0.gender,d1_0.last_name,d1_0.license_number,d1_0.phone,d1_0.quit from driver d1_0 where d1_0.id=?
Hibernate: select l1_0.id,l1_0.address,l1_0.district,l1_0.is_active,p1_0.id,p1_0.code_name,p1_0.name,l1_0.ward from location l1_0 left join province p1_0 on p1_0.id=l1_0.province_id where l1_0.id=?
Hibernate: select c1_0.id,c1_0.capacity,c1_0.coach_type,c1_0.license_plate,c1_0.name from coach c1_0 where c1_0.id=?
Hibernate: select d1_0.id,d1_0.address,d1_0.dob,d1_0.email,d1_0.first_name,d1_0.gender,d1_0.last_name,d1_0.license_number,d1_0.phone,d1_0.quit from driver d1_0 where d1_0.id=?
Hibernate: select l1_0.id,l1_0.address,l1_0.district,l1_0.is_active,p1_0.id,p1_0.code_name,p1_0.name,l1_0.ward from location l1_0 left join province p1_0 on p1_0.id=l1_0.province_id where l1_0.id=?
Hibernate: select c1_0.id,c1_0.capacity,c1_0.coach_type,c1_0.license_plate,c1_0.name from coach c1_0 where c1_0.id=?
Hibernate: select d1_0.id,d1_0.amount,d1_0.code,d1_0.description,d1_0.end_date_time,d1_0.start_date_time from discount d1_0 where d1_0.id=?
Hibernate: select d1_0.id,d1_0.address,d1_0.dob,d1_0.email,d1_0.first_name,d1_0.gender,d1_0.last_name,d1_0.license_number,d1_0.phone,d1_0.quit from driver d1_0 where d1_0.id=?
Hibernate: select c1_0.id,c1_0.capacity,c1_0.coach_type,c1_0.license_plate,c1_0.name from coach c1_0 where c1_0.id=?
Hibernate: select d1_0.id,d1_0.address,d1_0.dob,d1_0.email,d1_0.first_name,d1_0.gender,d1_0.last_name,d1_0.license_number,d1_0.phone,d1_0.quit from driver d1_0 where d1_0.id=?
Hibernate: select c1_0.id,c1_0.capacity,c1_0.coach_type,c1_0.license_plate,c1_0.name from coach c1_0 where c1_0.id=?
Hibernate: select p1_0.id,p1_0.code_name,p1_0.name from province p1_0 where p1_0.id=?
Hibernate: select l1_0.id,l1_0.address,l1_0.district,l1_0.is_active,p1_0.id,p1_0.code_name,p1_0.name,l1_0.ward from location l1_0 left join province p1_0 on p1_0.id=l1_0.province_id where l1_0.id=?
Hibernate: select d1_0.id,d1_0.amount,d1_0.code,d1_0.description,d1_0.end_date_time,d1_0.start_date_time from discount d1_0 where d1_0.id=?
Hibernate: select c1_0.id,c1_0.capacity,c1_0.coach_type,c1_0.license_plate,c1_0.name from coach c1_0 where c1_0.id=?
Hibernate: select d1_0.id,d1_0.amount,d1_0.code,d1_0.description,d1_0.end_date_time,d1_0.start_date_time from discount d1_0 where d1_0.id=?
Hibernate: select d1_0.id,d1_0.address,d1_0.dob,d1_0.email,d1_0.first_name,d1_0.gender,d1_0.last_name,d1_0.license_number,d1_0.phone,d1_0.quit from driver d1_0 where d1_0.id=?
Hibernate: select l1_0.id,l1_0.address,l1_0.district,l1_0.is_active,p1_0.id,p1_0.code_name,p1_0.name,l1_0.ward from location l1_0 left join province p1_0 on p1_0.id=l1_0.province_id where l1_0.id=?
Hibernate: select d1_0.id,d1_0.address,d1_0.dob,d1_0.email,d1_0.first_name,d1_0.gender,d1_0.last_name,d1_0.license_number,d1_0.phone,d1_0.quit from driver d1_0 where d1_0.id=?
]]></system-out>
  </testcase>
</testsuite>